  [1m[36mActiveRecord::SchemaMigration Load (0.2ms)[0m  [1mSELECT "schema_migrations".* FROM "schema_migrations"[0m
  [1m[35mActiveRecord::SchemaMigration Load (0.2ms)[0m  SELECT "schema_migrations".* FROM "schema_migrations"
  [1m[36mActiveRecord::SchemaMigration Load (0.2ms)[0m  [1mSELECT "schema_migrations".* FROM "schema_migrations"[0m
  [1m[35mActiveRecord::SchemaMigration Load (0.2ms)[0m  SELECT "schema_migrations".* FROM "schema_migrations"


Started GET "/" for 50.242.114.115 at 2014-04-12 19:51:11 +0000
  [1m[36mActiveRecord::SchemaMigration Load (0.2ms)[0m  [1mSELECT "schema_migrations".* FROM "schema_migrations"[0m
Processing by WelcomeController#index as HTML
  [1m[35mProduct Load (0.6ms)[0m  SELECT "products".* FROM "products" ORDER BY RANDOM() LIMIT 5
  [1m[36mSpecial Load (0.4ms)[0m  [1mSELECT "specials".* FROM "specials"[0m
  Rendered welcome/index.html.erb within layouts/application (71.1ms)
  [1m[35mCategory Load (0.3ms)[0m  SELECT "categories".* FROM "categories"
  [1m[36mUser Load (0.2ms)[0m  [1mSELECT "users".* FROM "users" WHERE "users"."id" = 11 LIMIT 1[0m
  [1m[35mCACHE (0.0ms)[0m  SELECT "users".* FROM "users" WHERE "users"."id" = 11 LIMIT 1
  Rendered layouts/_header.html.erb (44.7ms)
Completed 500 Internal Server Error in 307ms

ActionView::Template::Error (undefined method `user_role' for #<User:0x007fe35c645fe0>):
    17:       <% end %>
    18: 
    19:        <% if current_user != nil %>
    20:            <% if is_admin %>
    21:                <li class='pull-right nav navbar-nav'><a href="/admin"> Admin Page </a><a href="authentication/logout"> Logout </a> </li>
    22:            <% else %>
    23:                <li class='pull-right nav navbar-nav'>- Welcome <%= current_user.username %> - <a href="/admin"><span class="glyphicon glyphicon-shopping-cart"> </span></a> | <a href="authentication/logout"> Logout </a> </li>
  app/controllers/application_controller.rb:17:in `is_admin'
  app/views/layouts/_header.html.erb:20:in `_app_views_layouts__header_html_erb__237210603203093386_70307243418580'
  app/views/layouts/application.html.erb:25:in `_app_views_layouts_application_html_erb__3067006951569487100_70307246299680'


  Rendered /home/ec2-user/.rvm/gems/ruby-2.1.0/gems/actionpack-4.0.0/lib/action_dispatch/middleware/templates/rescues/_trace.erb (2.2ms)
  Rendered /home/ec2-user/.rvm/gems/ruby-2.1.0/gems/actionpack-4.0.0/lib/action_dispatch/middleware/templates/rescues/_request_and_response.erb (1.3ms)
  Rendered /home/ec2-user/.rvm/gems/ruby-2.1.0/gems/actionpack-4.0.0/lib/action_dispatch/middleware/templates/rescues/template_error.erb within rescues/layout (15.9ms)
