# Logfile created on 2014-01-05 22:26:41 +0000 by logger.rb/44203
I, [2014-01-05T22:26:41.350535 #6377]  INFO -- : 0:  rake (10.1.1) from /home/ec2-user/.rvm/gems/ruby-2.1.0/specifications/rake-10.1.1.gemspec
I, [2014-01-05T22:26:41.351272 #6377]  INFO -- : 0:  i18n (0.6.9) from /home/ec2-user/.rvm/gems/ruby-2.1.0/specifications/i18n-0.6.9.gemspec
I, [2014-01-05T22:26:41.351898 #6377]  INFO -- : 0:  minitest (4.7.5) from /home/ec2-user/.rvm/rubies/ruby-2.1.0/lib/ruby/gems/2.1.0/specifications/default/minitest-4.7.5.gemspec
I, [2014-01-05T22:26:41.352523 #6377]  INFO -- : 0:  multi_json (1.8.2) from /home/ec2-user/.rvm/gems/ruby-2.1.0/specifications/multi_json-1.8.2.gemspec
I, [2014-01-05T22:26:41.353163 #6377]  INFO -- : 0:  atomic (1.1.14) from /home/ec2-user/.rvm/gems/ruby-2.1.0/specifications/atomic-1.1.14.gemspec
I, [2014-01-05T22:26:41.353827 #6377]  INFO -- : 0:  thread_safe (0.1.3) from /home/ec2-user/.rvm/gems/ruby-2.1.0/specifications/thread_safe-0.1.3.gemspec
I, [2014-01-05T22:26:41.354428 #6377]  INFO -- : 0:  tzinfo (0.3.38) from /home/ec2-user/.rvm/gems/ruby-2.1.0/specifications/tzinfo-0.3.38.gemspec
I, [2014-01-05T22:26:42.604317 #6377]  INFO -- : 0:  activesupport (4.0.0) from /home/ec2-user/.rvm/gems/ruby-2.1.0/specifications/activesupport-4.0.0.gemspec
I, [2014-01-05T22:26:42.605032 #6377]  INFO -- : 0:  builder (3.1.4) from /home/ec2-user/.rvm/gems/ruby-2.1.0/specifications/builder-3.1.4.gemspec
I, [2014-01-05T22:26:42.605650 #6377]  INFO -- : 0:  erubis (2.7.0) from /home/ec2-user/.rvm/gems/ruby-2.1.0/specifications/erubis-2.7.0.gemspec
I, [2014-01-05T22:26:42.606244 #6377]  INFO -- : 0:  rack (1.5.2) from /home/ec2-user/.rvm/gems/ruby-2.1.0/specifications/rack-1.5.2.gemspec
I, [2014-01-05T22:26:42.606819 #6377]  INFO -- : 0:  rack-test (0.6.2) from /home/ec2-user/.rvm/gems/ruby-2.1.0/specifications/rack-test-0.6.2.gemspec
I, [2014-01-05T22:26:43.862690 #6377]  INFO -- : 0:  actionpack (4.0.0) from /home/ec2-user/.rvm/gems/ruby-2.1.0/specifications/actionpack-4.0.0.gemspec
I, [2014-01-05T22:26:43.863419 #6377]  INFO -- : 0:  mime-types (1.25.1) from /home/ec2-user/.rvm/gems/ruby-2.1.0/specifications/mime-types-1.25.1.gemspec
I, [2014-01-05T22:26:43.864021 #6377]  INFO -- : 0:  polyglot (0.3.3) from /home/ec2-user/.rvm/gems/ruby-2.1.0/specifications/polyglot-0.3.3.gemspec
I, [2014-01-05T22:26:43.864614 #6377]  INFO -- : 0:  treetop (1.4.15) from /home/ec2-user/.rvm/gems/ruby-2.1.0/specifications/treetop-1.4.15.gemspec
I, [2014-01-05T22:26:43.865195 #6377]  INFO -- : 0:  mail (2.5.4) from /home/ec2-user/.rvm/gems/ruby-2.1.0/specifications/mail-2.5.4.gemspec
I, [2014-01-05T22:26:44.449207 #6377]  INFO -- : 0:  actionmailer (4.0.0) from /home/ec2-user/.rvm/gems/ruby-2.1.0/specifications/actionmailer-4.0.0.gemspec
I, [2014-01-05T22:26:45.136977 #6377]  INFO -- : 0:  activemodel (4.0.0) from /home/ec2-user/.rvm/gems/ruby-2.1.0/specifications/activemodel-4.0.0.gemspec
I, [2014-01-05T22:26:45.137696 #6377]  INFO -- : 0:  activerecord-deprecated_finders (1.0.3) from /home/ec2-user/.rvm/gems/ruby-2.1.0/specifications/activerecord-deprecated_finders-1.0.3.gemspec
I, [2014-01-05T22:26:45.138299 #6377]  INFO -- : 0:  arel (4.0.1) from /home/ec2-user/.rvm/gems/ruby-2.1.0/specifications/arel-4.0.1.gemspec
I, [2014-01-05T22:26:46.212532 #6377]  INFO -- : 0:  activerecord (4.0.0) from /home/ec2-user/.rvm/gems/ruby-2.1.0/specifications/activerecord-4.0.0.gemspec
I, [2014-01-05T22:26:49.142433 #6377]  INFO -- : 0:  bcrypt-ruby (3.1.2) from /home/ec2-user/.rvm/gems/ruby-2.1.0/specifications/bcrypt-ruby-3.1.2.gemspec
I, [2014-01-05T22:26:49.143492 #6377]  INFO -- : 0:  bundler (1.5.1) from /home/ec2-user/.rvm/gems/ruby-2.1.0@global/specifications/bundler-1.5.1.gemspec
I, [2014-01-05T22:26:49.657728 #6377]  INFO -- : 0:  climate_control (0.0.3) from /home/ec2-user/.rvm/gems/ruby-2.1.0/specifications/climate_control-0.0.3.gemspec
I, [2014-01-05T22:26:50.209331 #6377]  INFO -- : 0:  cocaine (0.5.3) from /home/ec2-user/.rvm/gems/ruby-2.1.0/specifications/cocaine-0.5.3.gemspec
I, [2014-01-05T22:26:50.817890 #6377]  INFO -- : 0:  coffee-script-source (1.6.3) from /home/ec2-user/.rvm/gems/ruby-2.1.0/specifications/coffee-script-source-1.6.3.gemspec
I, [2014-01-05T22:26:51.098098 #6377]  INFO -- : 0:  execjs (2.0.2) from /home/ec2-user/.rvm/gems/ruby-2.1.0/specifications/execjs-2.0.2.gemspec
I, [2014-01-05T22:26:51.512016 #6377]  INFO -- : 0:  coffee-script (2.2.0) from /home/ec2-user/.rvm/gems/ruby-2.1.0/specifications/coffee-script-2.2.0.gemspec
I, [2014-01-05T22:26:51.512690 #6377]  INFO -- : 0:  thor (0.18.1) from /home/ec2-user/.rvm/gems/ruby-2.1.0/specifications/thor-0.18.1.gemspec
I, [2014-01-05T22:26:52.443351 #6377]  INFO -- : 0:  railties (4.0.0) from /home/ec2-user/.rvm/gems/ruby-2.1.0/specifications/railties-4.0.0.gemspec
I, [2014-01-05T22:26:52.630307 #6377]  INFO -- : 0:  coffee-rails (4.0.1) from /home/ec2-user/.rvm/gems/ruby-2.1.0/specifications/coffee-rails-4.0.1.gemspec
I, [2014-01-05T22:26:53.466368 #6377]  INFO -- : 0:  d3js-rails (3.1.6) from /home/ec2-user/.rvm/gems/ruby-2.1.0/specifications/d3js-rails-3.1.6.gemspec
I, [2014-01-05T22:26:53.467056 #6377]  INFO -- : 0:  hike (1.2.3) from /home/ec2-user/.rvm/gems/ruby-2.1.0/specifications/hike-1.2.3.gemspec
I, [2014-01-05T22:26:53.676368 #6377]  INFO -- : 0:  jbuilder (1.5.3) from /home/ec2-user/.rvm/gems/ruby-2.1.0/specifications/jbuilder-1.5.3.gemspec
I, [2014-01-05T22:26:54.502752 #6377]  INFO -- : 0:  jquery-rails (3.0.4) from /home/ec2-user/.rvm/gems/ruby-2.1.0/specifications/jquery-rails-3.0.4.gemspec
I, [2014-01-05T22:26:54.503427 #6377]  INFO -- : 0:  json (1.8.1) from /home/ec2-user/.rvm/rubies/ruby-2.1.0/lib/ruby/gems/2.1.0/specifications/default/json-1.8.1.gemspec
I, [2014-01-05T22:26:55.070246 #6377]  INFO -- : 0:  paperclip (3.5.2) from /home/ec2-user/.rvm/gems/ruby-2.1.0/specifications/paperclip-3.5.2.gemspec
I, [2014-01-05T22:26:55.070979 #6377]  INFO -- : 0:  tilt (1.4.1) from /home/ec2-user/.rvm/gems/ruby-2.1.0/specifications/tilt-1.4.1.gemspec
I, [2014-01-05T22:26:55.071603 #6377]  INFO -- : 0:  sprockets (2.10.1) from /home/ec2-user/.rvm/gems/ruby-2.1.0/specifications/sprockets-2.10.1.gemspec
I, [2014-01-05T22:26:55.072199 #6377]  INFO -- : 0:  sprockets-rails (2.0.1) from /home/ec2-user/.rvm/gems/ruby-2.1.0/specifications/sprockets-rails-2.0.1.gemspec
I, [2014-01-05T22:26:55.819085 #6377]  INFO -- : 0:  rails (4.0.0) from /home/ec2-user/.rvm/gems/ruby-2.1.0/specifications/rails-4.0.0.gemspec
I, [2014-01-05T22:26:57.180878 #6377]  INFO -- : 0:  rdoc (3.12.2) from /home/ec2-user/.rvm/gems/ruby-2.1.0/specifications/rdoc-3.12.2.gemspec
I, [2014-01-05T22:26:57.873239 #6377]  INFO -- : 0:  sass (3.2.13) from /home/ec2-user/.rvm/gems/ruby-2.1.0/specifications/sass-3.2.13.gemspec
I, [2014-01-05T22:26:58.280601 #6377]  INFO -- : 0:  sass-rails (4.0.1) from /home/ec2-user/.rvm/gems/ruby-2.1.0/specifications/sass-rails-4.0.1.gemspec
I, [2014-01-05T22:26:59.621496 #6377]  INFO -- : 0:  sdoc (0.3.20) from /home/ec2-user/.rvm/gems/ruby-2.1.0/specifications/sdoc-0.3.20.gemspec
E, [2014-01-05T22:27:00.629667 #6377] ERROR -- : Gem::Ext::BuildError: ERROR: Failed to build gem native extension.

    /home/ec2-user/.rvm/rubies/ruby-2.1.0/bin/ruby extconf.rb 
checking for sqlite3.h... no
sqlite3.h is missing. Try 'port install sqlite3 +universal'
or 'yum install sqlite-devel' and check your shared library search path (the
location where your sqlite3 shared library is located).
*** extconf.rb failed ***
Could not create Makefile due to some reason, probably lack of necessary
libraries and/or headers.  Check the mkmf.log file for more details.  You may
need configuration options.

Provided configuration options:
	--with-opt-dir
	--without-opt-dir
	--with-opt-include
	--without-opt-include=${opt-dir}/include
	--with-opt-lib
	--without-opt-lib=${opt-dir}/lib
	--with-make-prog
	--without-make-prog
	--srcdir=.
	--curdir
	--ruby=/home/ec2-user/.rvm/rubies/ruby-2.1.0/bin/ruby
	--with-sqlite3-dir
	--without-sqlite3-dir
	--with-sqlite3-include
	--without-sqlite3-include=${sqlite3-dir}/include
	--with-sqlite3-lib
	--without-sqlite3-lib=${sqlite3-dir}/lib
	--enable-local
	--disable-local

extconf failed, exit code 1

Gem files will remain installed in /home/ec2-user/.rvm/gems/ruby-2.1.0/gems/sqlite3-1.3.8 for inspection.
Results logged to /home/ec2-user/.rvm/gems/ruby-2.1.0/extensions/x86_64-linux/2.1.0/sqlite3-1.3.8/gem_make.out

/home/ec2-user/.rvm/rubies/ruby-2.1.0/lib/ruby/site_ruby/2.1.0/rubygems/ext/builder.rb:89:in `run'  \n/home/ec2-user/.rvm/rubies/ruby-2.1.0/lib/ruby/site_ruby/2.1.0/rubygems/ext/ext_conf_builder.rb:37:in `block in build'  \n/home/ec2-user/.rvm/rubies/ruby-2.1.0/lib/ruby/2.1.0/tempfile.rb:324:in `open'  \n/home/ec2-user/.rvm/rubies/ruby-2.1.0/lib/ruby/site_ruby/2.1.0/rubygems/ext/ext_conf_builder.rb:17:in `build'  \n/home/ec2-user/.rvm/rubies/ruby-2.1.0/lib/ruby/site_ruby/2.1.0/rubygems/ext/builder.rb:161:in `block (2 levels) in build_extension'  \n/home/ec2-user/.rvm/rubies/ruby-2.1.0/lib/ruby/site_ruby/2.1.0/rubygems/ext/builder.rb:160:in `chdir'  \n/home/ec2-user/.rvm/rubies/ruby-2.1.0/lib/ruby/site_ruby/2.1.0/rubygems/ext/builder.rb:160:in `block in build_extension'  \n/home/ec2-user/.rvm/rubies/ruby-2.1.0/lib/ruby/site_ruby/2.1.0/rubygems/ext/builder.rb:159:in `synchronize'  \n/home/ec2-user/.rvm/rubies/ruby-2.1.0/lib/ruby/site_ruby/2.1.0/rubygems/ext/builder.rb:159:in `build_extension'  \n/home/ec2-user/.rvm/rubies/ruby-2.1.0/lib/ruby/site_ruby/2.1.0/rubygems/ext/builder.rb:198:in `block in build_extensions'  \n/home/ec2-user/.rvm/rubies/ruby-2.1.0/lib/ruby/site_ruby/2.1.0/rubygems/ext/builder.rb:195:in `each'  \n/home/ec2-user/.rvm/rubies/ruby-2.1.0/lib/ruby/site_ruby/2.1.0/rubygems/ext/builder.rb:195:in `build_extensions'  \n/home/ec2-user/.rvm/rubies/ruby-2.1.0/lib/ruby/site_ruby/2.1.0/rubygems/installer.rb:677:in `build_extensions'  \n/home/ec2-user/.rvm/rubies/ruby-2.1.0/lib/ruby/site_ruby/2.1.0/rubygems/installer.rb:232:in `install'  \n/home/ec2-user/.rvm/gems/ruby-2.1.0@global/gems/bundler-1.5.1/lib/bundler/source/rubygems.rb:101:in `block in install'  \n/home/ec2-user/.rvm/gems/ruby-2.1.0@global/gems/bundler-1.5.1/lib/bundler/rubygems_integration.rb:118:in `preserve_paths'  \n/home/ec2-user/.rvm/gems/ruby-2.1.0@global/gems/bundler-1.5.1/lib/bundler/source/rubygems.rb:94:in `install'  \n/home/ec2-user/.rvm/gems/ruby-2.1.0@global/gems/bundler-1.5.1/lib/bundler/installer.rb:111:in `block in install_gem_from_spec'  \n/home/ec2-user/.rvm/gems/ruby-2.1.0@global/gems/bundler-1.5.1/lib/bundler/rubygems_integration.rb:150:in `with_build_args'  \n/home/ec2-user/.rvm/gems/ruby-2.1.0@global/gems/bundler-1.5.1/lib/bundler/installer.rb:110:in `install_gem_from_spec'  \n/home/ec2-user/.rvm/gems/ruby-2.1.0@global/gems/bundler-1.5.1/lib/bundler/installer.rb:295:in `block in install_sequentially'  \n/home/ec2-user/.rvm/rubies/ruby-2.1.0/lib/ruby/2.1.0/forwardable.rb:183:in `each'  \n/home/ec2-user/.rvm/rubies/ruby-2.1.0/lib/ruby/2.1.0/forwardable.rb:183:in `each'  \n/home/ec2-user/.rvm/gems/ruby-2.1.0@global/gems/bundler-1.5.1/lib/bundler/installer.rb:294:in `install_sequentially'  \n/home/ec2-user/.rvm/gems/ruby-2.1.0@global/gems/bundler-1.5.1/lib/bundler/installer.rb:97:in `run'  \n/home/ec2-user/.rvm/gems/ruby-2.1.0@global/gems/bundler-1.5.1/lib/bundler/installer.rb:15:in `install'  \n/home/ec2-user/.rvm/gems/ruby-2.1.0@global/gems/bundler-1.5.1/lib/bundler/cli.rb:336:in `update'  \n/home/ec2-user/.rvm/gems/ruby-2.1.0@global/gems/bundler-1.5.1/lib/bundler/vendor/thor/command.rb:27:in `run'  \n/home/ec2-user/.rvm/gems/ruby-2.1.0@global/gems/bundler-1.5.1/lib/bundler/vendor/thor/invocation.rb:120:in `invoke_command'  \n/home/ec2-user/.rvm/gems/ruby-2.1.0@global/gems/bundler-1.5.1/lib/bundler/vendor/thor.rb:363:in `dispatch'  \n/home/ec2-user/.rvm/gems/ruby-2.1.0@global/gems/bundler-1.5.1/lib/bundler/vendor/thor/base.rb:438:in `start'  \n/home/ec2-user/.rvm/gems/ruby-2.1.0@global/gems/bundler-1.5.1/lib/bundler/cli.rb:10:in `start'  \n/home/ec2-user/.rvm/gems/ruby-2.1.0@global/gems/bundler-1.5.1/bin/bundle:22:in `block in <top (required)>'  \n/home/ec2-user/.rvm/gems/ruby-2.1.0@global/gems/bundler-1.5.1/lib/bundler/friendly_errors.rb:5:in `with_friendly_errors'  \n/home/ec2-user/.rvm/gems/ruby-2.1.0@global/gems/bundler-1.5.1/bin/bundle:22:in `<top (required)>'  \n/home/ec2-user/.rvm/gems/ruby-2.1.0@global/bin/bundle:23:in `load'  \n/home/ec2-user/.rvm/gems/ruby-2.1.0@global/bin/bundle:23:in `<main>'  \n/home/ec2-user/.rvm/gems/ruby-2.1.0/bin/ruby_executable_hooks:15:in `eval'  \n/home/ec2-user/.rvm/gems/ruby-2.1.0/bin/ruby_executable_hooks:15:in `<main>'
I, [2014-01-05T22:29:03.839111 #6590]  INFO -- : 0:  rake (10.1.0) from /home/ec2-user/.rvm/rubies/ruby-2.1.0/lib/ruby/gems/2.1.0/specifications/default/rake-10.1.0.gemspec
I, [2014-01-05T22:29:04.144903 #6590]  INFO -- : 0:  i18n (0.6.5) from /home/ec2-user/.rvm/gems/ruby-2.1.0/specifications/i18n-0.6.5.gemspec
I, [2014-01-05T22:29:04.145816 #6590]  INFO -- : 0:  minitest (4.7.5) from /home/ec2-user/.rvm/rubies/ruby-2.1.0/lib/ruby/gems/2.1.0/specifications/default/minitest-4.7.5.gemspec
I, [2014-01-05T22:29:04.146465 #6590]  INFO -- : 0:  multi_json (1.8.2) from /home/ec2-user/.rvm/gems/ruby-2.1.0/specifications/multi_json-1.8.2.gemspec
I, [2014-01-05T22:29:04.147081 #6590]  INFO -- : 0:  atomic (1.1.14) from /home/ec2-user/.rvm/gems/ruby-2.1.0/specifications/atomic-1.1.14.gemspec
I, [2014-01-05T22:29:04.147705 #6590]  INFO -- : 0:  thread_safe (0.1.3) from /home/ec2-user/.rvm/gems/ruby-2.1.0/specifications/thread_safe-0.1.3.gemspec
I, [2014-01-05T22:29:04.148300 #6590]  INFO -- : 0:  tzinfo (0.3.38) from /home/ec2-user/.rvm/gems/ruby-2.1.0/specifications/tzinfo-0.3.38.gemspec
I, [2014-01-05T22:29:04.148917 #6590]  INFO -- : 0:  activesupport (4.0.0) from /home/ec2-user/.rvm/gems/ruby-2.1.0/specifications/activesupport-4.0.0.gemspec
I, [2014-01-05T22:29:04.149540 #6590]  INFO -- : 0:  builder (3.1.4) from /home/ec2-user/.rvm/gems/ruby-2.1.0/specifications/builder-3.1.4.gemspec
I, [2014-01-05T22:29:04.150154 #6590]  INFO -- : 0:  erubis (2.7.0) from /home/ec2-user/.rvm/gems/ruby-2.1.0/specifications/erubis-2.7.0.gemspec
I, [2014-01-05T22:29:04.150770 #6590]  INFO -- : 0:  rack (1.5.2) from /home/ec2-user/.rvm/gems/ruby-2.1.0/specifications/rack-1.5.2.gemspec
I, [2014-01-05T22:29:04.151376 #6590]  INFO -- : 0:  rack-test (0.6.2) from /home/ec2-user/.rvm/gems/ruby-2.1.0/specifications/rack-test-0.6.2.gemspec
I, [2014-01-05T22:29:04.151991 #6590]  INFO -- : 0:  actionpack (4.0.0) from /home/ec2-user/.rvm/gems/ruby-2.1.0/specifications/actionpack-4.0.0.gemspec
I, [2014-01-05T22:29:04.455593 #6590]  INFO -- : 0:  mime-types (1.25) from /home/ec2-user/.rvm/gems/ruby-2.1.0/specifications/mime-types-1.25.gemspec
I, [2014-01-05T22:29:04.456314 #6590]  INFO -- : 0:  polyglot (0.3.3) from /home/ec2-user/.rvm/gems/ruby-2.1.0/specifications/polyglot-0.3.3.gemspec
I, [2014-01-05T22:29:04.456938 #6590]  INFO -- : 0:  treetop (1.4.15) from /home/ec2-user/.rvm/gems/ruby-2.1.0/specifications/treetop-1.4.15.gemspec
I, [2014-01-05T22:29:04.457556 #6590]  INFO -- : 0:  mail (2.5.4) from /home/ec2-user/.rvm/gems/ruby-2.1.0/specifications/mail-2.5.4.gemspec
I, [2014-01-05T22:29:04.458182 #6590]  INFO -- : 0:  actionmailer (4.0.0) from /home/ec2-user/.rvm/gems/ruby-2.1.0/specifications/actionmailer-4.0.0.gemspec
I, [2014-01-05T22:29:04.458793 #6590]  INFO -- : 0:  activemodel (4.0.0) from /home/ec2-user/.rvm/gems/ruby-2.1.0/specifications/activemodel-4.0.0.gemspec
I, [2014-01-05T22:29:04.459412 #6590]  INFO -- : 0:  activerecord-deprecated_finders (1.0.3) from /home/ec2-user/.rvm/gems/ruby-2.1.0/specifications/activerecord-deprecated_finders-1.0.3.gemspec
I, [2014-01-05T22:29:04.801704 #6590]  INFO -- : 0:  arel (4.0.0) from /home/ec2-user/.rvm/gems/ruby-2.1.0/specifications/arel-4.0.0.gemspec
I, [2014-01-05T22:29:04.802423 #6590]  INFO -- : 0:  activerecord (4.0.0) from /home/ec2-user/.rvm/gems/ruby-2.1.0/specifications/activerecord-4.0.0.gemspec
I, [2014-01-05T22:29:04.803049 #6590]  INFO -- : 0:  bcrypt-ruby (3.1.2) from /home/ec2-user/.rvm/gems/ruby-2.1.0/specifications/bcrypt-ruby-3.1.2.gemspec
I, [2014-01-05T22:29:04.803655 #6590]  INFO -- : 0:  climate_control (0.0.3) from /home/ec2-user/.rvm/gems/ruby-2.1.0/specifications/climate_control-0.0.3.gemspec
I, [2014-01-05T22:29:04.804267 #6590]  INFO -- : 0:  cocaine (0.5.3) from /home/ec2-user/.rvm/gems/ruby-2.1.0/specifications/cocaine-0.5.3.gemspec
I, [2014-01-05T22:29:04.804889 #6590]  INFO -- : 0:  coffee-script-source (1.6.3) from /home/ec2-user/.rvm/gems/ruby-2.1.0/specifications/coffee-script-source-1.6.3.gemspec
I, [2014-01-05T22:29:04.805517 #6590]  INFO -- : 0:  execjs (2.0.2) from /home/ec2-user/.rvm/gems/ruby-2.1.0/specifications/execjs-2.0.2.gemspec
I, [2014-01-05T22:29:04.806110 #6590]  INFO -- : 0:  coffee-script (2.2.0) from /home/ec2-user/.rvm/gems/ruby-2.1.0/specifications/coffee-script-2.2.0.gemspec
I, [2014-01-05T22:29:04.806702 #6590]  INFO -- : 0:  thor (0.18.1) from /home/ec2-user/.rvm/gems/ruby-2.1.0/specifications/thor-0.18.1.gemspec
I, [2014-01-05T22:29:04.807323 #6590]  INFO -- : 0:  railties (4.0.0) from /home/ec2-user/.rvm/gems/ruby-2.1.0/specifications/railties-4.0.0.gemspec
I, [2014-01-05T22:29:04.807904 #6590]  INFO -- : 0:  coffee-rails (4.0.1) from /home/ec2-user/.rvm/gems/ruby-2.1.0/specifications/coffee-rails-4.0.1.gemspec
I, [2014-01-05T22:29:04.808496 #6590]  INFO -- : 0:  d3js-rails (3.1.6) from /home/ec2-user/.rvm/gems/ruby-2.1.0/specifications/d3js-rails-3.1.6.gemspec
I, [2014-01-05T22:29:04.809094 #6590]  INFO -- : 0:  hike (1.2.3) from /home/ec2-user/.rvm/gems/ruby-2.1.0/specifications/hike-1.2.3.gemspec
I, [2014-01-05T22:29:04.991015 #6590]  INFO -- : 0:  jbuilder (1.5.2) from /home/ec2-user/.rvm/gems/ruby-2.1.0/specifications/jbuilder-1.5.2.gemspec
I, [2014-01-05T22:29:04.991795 #6590]  INFO -- : 0:  jquery-rails (3.0.4) from /home/ec2-user/.rvm/gems/ruby-2.1.0/specifications/jquery-rails-3.0.4.gemspec
I, [2014-01-05T22:29:04.992383 #6590]  INFO -- : 0:  json (1.8.1) from /home/ec2-user/.rvm/rubies/ruby-2.1.0/lib/ruby/gems/2.1.0/specifications/default/json-1.8.1.gemspec
I, [2014-01-05T22:29:04.992996 #6590]  INFO -- : 0:  paperclip (3.5.2) from /home/ec2-user/.rvm/gems/ruby-2.1.0/specifications/paperclip-3.5.2.gemspec
I, [2014-01-05T22:29:04.993596 #6590]  INFO -- : 0:  bundler (1.5.1) from /home/ec2-user/.rvm/gems/ruby-2.1.0@global/specifications/bundler-1.5.1.gemspec
I, [2014-01-05T22:29:04.994198 #6590]  INFO -- : 0:  tilt (1.4.1) from /home/ec2-user/.rvm/gems/ruby-2.1.0/specifications/tilt-1.4.1.gemspec
I, [2014-01-05T22:29:05.720523 #6590]  INFO -- : 0:  sprockets (2.10.0) from /home/ec2-user/.rvm/gems/ruby-2.1.0/specifications/sprockets-2.10.0.gemspec
I, [2014-01-05T22:29:05.721352 #6590]  INFO -- : 0:  sprockets-rails (2.0.1) from /home/ec2-user/.rvm/gems/ruby-2.1.0/specifications/sprockets-rails-2.0.1.gemspec
I, [2014-01-05T22:29:05.721960 #6590]  INFO -- : 0:  rails (4.0.0) from /home/ec2-user/.rvm/gems/ruby-2.1.0/specifications/rails-4.0.0.gemspec
I, [2014-01-05T22:29:05.722593 #6590]  INFO -- : 0:  rdoc (3.12.2) from /home/ec2-user/.rvm/gems/ruby-2.1.0/specifications/rdoc-3.12.2.gemspec
I, [2014-01-05T22:29:07.034655 #6590]  INFO -- : 0:  sass (3.2.12) from /home/ec2-user/.rvm/gems/ruby-2.1.0/specifications/sass-3.2.12.gemspec
I, [2014-01-05T22:29:07.035476 #6590]  INFO -- : 0:  sass-rails (4.0.1) from /home/ec2-user/.rvm/gems/ruby-2.1.0/specifications/sass-rails-4.0.1.gemspec
I, [2014-01-05T22:29:07.036071 #6590]  INFO -- : 0:  sdoc (0.3.20) from /home/ec2-user/.rvm/gems/ruby-2.1.0/specifications/sdoc-0.3.20.gemspec
I, [2014-01-05T22:29:07.036675 #6590]  INFO -- : 0:  sqlite3 (1.3.8) from /home/ec2-user/.rvm/gems/ruby-2.1.0/specifications/sqlite3-1.3.8.gemspec
I, [2014-01-05T22:29:07.608619 #6590]  INFO -- : 0:  turbolinks (1.3.0) from /home/ec2-user/.rvm/gems/ruby-2.1.0/specifications/turbolinks-1.3.0.gemspec
I, [2014-01-05T22:29:08.326951 #6590]  INFO -- : 0:  uglifier (2.2.1) from /home/ec2-user/.rvm/gems/ruby-2.1.0/specifications/uglifier-2.2.1.gemspec
I, [2014-01-05T22:31:23.290874 #6604]  INFO -- : 0:  rake (10.1.1) from /home/ec2-user/.rvm/gems/ruby-2.1.0/specifications/rake-10.1.1.gemspec
I, [2014-01-05T22:31:23.291692 #6604]  INFO -- : 0:  i18n (0.6.9) from /home/ec2-user/.rvm/gems/ruby-2.1.0/specifications/i18n-0.6.9.gemspec
I, [2014-01-05T22:31:23.292275 #6604]  INFO -- : 0:  minitest (4.7.5) from /home/ec2-user/.rvm/rubies/ruby-2.1.0/lib/ruby/gems/2.1.0/specifications/default/minitest-4.7.5.gemspec
I, [2014-01-05T22:31:23.292873 #6604]  INFO -- : 0:  multi_json (1.8.2) from /home/ec2-user/.rvm/gems/ruby-2.1.0/specifications/multi_json-1.8.2.gemspec
I, [2014-01-05T22:31:23.293479 #6604]  INFO -- : 0:  atomic (1.1.14) from /home/ec2-user/.rvm/gems/ruby-2.1.0/specifications/atomic-1.1.14.gemspec
I, [2014-01-05T22:31:23.294055 #6604]  INFO -- : 0:  thread_safe (0.1.3) from /home/ec2-user/.rvm/gems/ruby-2.1.0/specifications/thread_safe-0.1.3.gemspec
I, [2014-01-05T22:31:23.294641 #6604]  INFO -- : 0:  tzinfo (0.3.38) from /home/ec2-user/.rvm/gems/ruby-2.1.0/specifications/tzinfo-0.3.38.gemspec
I, [2014-01-05T22:31:23.295232 #6604]  INFO -- : 0:  activesupport (4.0.0) from /home/ec2-user/.rvm/gems/ruby-2.1.0/specifications/activesupport-4.0.0.gemspec
I, [2014-01-05T22:31:23.295898 #6604]  INFO -- : 0:  builder (3.1.4) from /home/ec2-user/.rvm/gems/ruby-2.1.0/specifications/builder-3.1.4.gemspec
I, [2014-01-05T22:31:23.296760 #6604]  INFO -- : 0:  erubis (2.7.0) from /home/ec2-user/.rvm/gems/ruby-2.1.0/specifications/erubis-2.7.0.gemspec
I, [2014-01-05T22:31:23.297383 #6604]  INFO -- : 0:  rack (1.5.2) from /home/ec2-user/.rvm/gems/ruby-2.1.0/specifications/rack-1.5.2.gemspec
I, [2014-01-05T22:31:23.297955 #6604]  INFO -- : 0:  rack-test (0.6.2) from /home/ec2-user/.rvm/gems/ruby-2.1.0/specifications/rack-test-0.6.2.gemspec
I, [2014-01-05T22:31:23.298548 #6604]  INFO -- : 0:  actionpack (4.0.0) from /home/ec2-user/.rvm/gems/ruby-2.1.0/specifications/actionpack-4.0.0.gemspec
I, [2014-01-05T22:31:23.299148 #6604]  INFO -- : 0:  mime-types (1.25.1) from /home/ec2-user/.rvm/gems/ruby-2.1.0/specifications/mime-types-1.25.1.gemspec
I, [2014-01-05T22:31:23.299755 #6604]  INFO -- : 0:  polyglot (0.3.3) from /home/ec2-user/.rvm/gems/ruby-2.1.0/specifications/polyglot-0.3.3.gemspec
I, [2014-01-05T22:31:23.300326 #6604]  INFO -- : 0:  treetop (1.4.15) from /home/ec2-user/.rvm/gems/ruby-2.1.0/specifications/treetop-1.4.15.gemspec
I, [2014-01-05T22:31:23.300905 #6604]  INFO -- : 0:  mail (2.5.4) from /home/ec2-user/.rvm/gems/ruby-2.1.0/specifications/mail-2.5.4.gemspec
I, [2014-01-05T22:31:23.301515 #6604]  INFO -- : 0:  actionmailer (4.0.0) from /home/ec2-user/.rvm/gems/ruby-2.1.0/specifications/actionmailer-4.0.0.gemspec
I, [2014-01-05T22:31:23.302107 #6604]  INFO -- : 0:  activemodel (4.0.0) from /home/ec2-user/.rvm/gems/ruby-2.1.0/specifications/activemodel-4.0.0.gemspec
I, [2014-01-05T22:31:23.302694 #6604]  INFO -- : 0:  activerecord-deprecated_finders (1.0.3) from /home/ec2-user/.rvm/gems/ruby-2.1.0/specifications/activerecord-deprecated_finders-1.0.3.gemspec
I, [2014-01-05T22:31:23.303272 #6604]  INFO -- : 0:  arel (4.0.1) from /home/ec2-user/.rvm/gems/ruby-2.1.0/specifications/arel-4.0.1.gemspec
I, [2014-01-05T22:31:23.303886 #6604]  INFO -- : 0:  activerecord (4.0.0) from /home/ec2-user/.rvm/gems/ruby-2.1.0/specifications/activerecord-4.0.0.gemspec
I, [2014-01-05T22:31:23.304461 #6604]  INFO -- : 0:  bcrypt-ruby (3.1.2) from /home/ec2-user/.rvm/gems/ruby-2.1.0/specifications/bcrypt-ruby-3.1.2.gemspec
I, [2014-01-05T22:31:23.305024 #6604]  INFO -- : 0:  bundler (1.5.1) from /home/ec2-user/.rvm/gems/ruby-2.1.0@global/specifications/bundler-1.5.1.gemspec
I, [2014-01-05T22:31:23.305625 #6604]  INFO -- : 0:  climate_control (0.0.3) from /home/ec2-user/.rvm/gems/ruby-2.1.0/specifications/climate_control-0.0.3.gemspec
I, [2014-01-05T22:31:23.306204 #6604]  INFO -- : 0:  cocaine (0.5.3) from /home/ec2-user/.rvm/gems/ruby-2.1.0/specifications/cocaine-0.5.3.gemspec
I, [2014-01-05T22:31:23.306792 #6604]  INFO -- : 0:  coffee-script-source (1.6.3) from /home/ec2-user/.rvm/gems/ruby-2.1.0/specifications/coffee-script-source-1.6.3.gemspec
I, [2014-01-05T22:31:23.307364 #6604]  INFO -- : 0:  execjs (2.0.2) from /home/ec2-user/.rvm/gems/ruby-2.1.0/specifications/execjs-2.0.2.gemspec
I, [2014-01-05T22:31:23.307963 #6604]  INFO -- : 0:  coffee-script (2.2.0) from /home/ec2-user/.rvm/gems/ruby-2.1.0/specifications/coffee-script-2.2.0.gemspec
I, [2014-01-05T22:31:23.308548 #6604]  INFO -- : 0:  thor (0.18.1) from /home/ec2-user/.rvm/gems/ruby-2.1.0/specifications/thor-0.18.1.gemspec
I, [2014-01-05T22:31:23.309132 #6604]  INFO -- : 0:  railties (4.0.0) from /home/ec2-user/.rvm/gems/ruby-2.1.0/specifications/railties-4.0.0.gemspec
I, [2014-01-05T22:31:23.313158 #6604]  INFO -- : 0:  coffee-rails (4.0.1) from /home/ec2-user/.rvm/gems/ruby-2.1.0/specifications/coffee-rails-4.0.1.gemspec
I, [2014-01-05T22:31:23.313770 #6604]  INFO -- : 0:  d3js-rails (3.1.6) from /home/ec2-user/.rvm/gems/ruby-2.1.0/specifications/d3js-rails-3.1.6.gemspec
I, [2014-01-05T22:31:23.314365 #6604]  INFO -- : 0:  hike (1.2.3) from /home/ec2-user/.rvm/gems/ruby-2.1.0/specifications/hike-1.2.3.gemspec
I, [2014-01-05T22:31:23.314956 #6604]  INFO -- : 0:  jbuilder (1.5.3) from /home/ec2-user/.rvm/gems/ruby-2.1.0/specifications/jbuilder-1.5.3.gemspec
I, [2014-01-05T22:31:23.315543 #6604]  INFO -- : 0:  jquery-rails (3.0.4) from /home/ec2-user/.rvm/gems/ruby-2.1.0/specifications/jquery-rails-3.0.4.gemspec
I, [2014-01-05T22:31:23.316135 #6604]  INFO -- : 0:  json (1.8.1) from /home/ec2-user/.rvm/rubies/ruby-2.1.0/lib/ruby/gems/2.1.0/specifications/default/json-1.8.1.gemspec
I, [2014-01-05T22:31:23.316721 #6604]  INFO -- : 0:  paperclip (3.5.2) from /home/ec2-user/.rvm/gems/ruby-2.1.0/specifications/paperclip-3.5.2.gemspec
I, [2014-01-05T22:31:23.317319 #6604]  INFO -- : 0:  tilt (1.4.1) from /home/ec2-user/.rvm/gems/ruby-2.1.0/specifications/tilt-1.4.1.gemspec
I, [2014-01-05T22:31:23.317891 #6604]  INFO -- : 0:  sprockets (2.10.1) from /home/ec2-user/.rvm/gems/ruby-2.1.0/specifications/sprockets-2.10.1.gemspec
I, [2014-01-05T22:31:23.318454 #6604]  INFO -- : 0:  sprockets-rails (2.0.1) from /home/ec2-user/.rvm/gems/ruby-2.1.0/specifications/sprockets-rails-2.0.1.gemspec
I, [2014-01-05T22:31:23.319016 #6604]  INFO -- : 0:  rails (4.0.0) from /home/ec2-user/.rvm/gems/ruby-2.1.0/specifications/rails-4.0.0.gemspec
I, [2014-01-05T22:31:23.319596 #6604]  INFO -- : 0:  rdoc (3.12.2) from /home/ec2-user/.rvm/gems/ruby-2.1.0/specifications/rdoc-3.12.2.gemspec
I, [2014-01-05T22:31:23.320182 #6604]  INFO -- : 0:  sass (3.2.13) from /home/ec2-user/.rvm/gems/ruby-2.1.0/specifications/sass-3.2.13.gemspec
I, [2014-01-05T22:31:23.320727 #6604]  INFO -- : 0:  sass-rails (4.0.1) from /home/ec2-user/.rvm/gems/ruby-2.1.0/specifications/sass-rails-4.0.1.gemspec
I, [2014-01-05T22:31:23.321296 #6604]  INFO -- : 0:  sdoc (0.3.20) from /home/ec2-user/.rvm/gems/ruby-2.1.0/specifications/sdoc-0.3.20.gemspec
I, [2014-01-05T22:31:23.321836 #6604]  INFO -- : 0:  sqlite3 (1.3.8) from /home/ec2-user/.rvm/gems/ruby-2.1.0/specifications/sqlite3-1.3.8.gemspec
I, [2014-01-05T22:31:23.493329 #6604]  INFO -- : 0:  turbolinks (2.1.0) from /home/ec2-user/.rvm/gems/ruby-2.1.0/specifications/turbolinks-2.1.0.gemspec
I, [2014-01-05T22:31:23.767482 #6604]  INFO -- : 0:  uglifier (2.4.0) from /home/ec2-user/.rvm/gems/ruby-2.1.0/specifications/uglifier-2.4.0.gemspec
I, [2014-01-05T22:31:54.450993 #6607]  INFO -- : 0:  rake (10.1.1) from /home/ec2-user/.rvm/gems/ruby-2.1.0/specifications/rake-10.1.1.gemspec
I, [2014-01-05T22:31:54.451793 #6607]  INFO -- : 0:  i18n (0.6.9) from /home/ec2-user/.rvm/gems/ruby-2.1.0/specifications/i18n-0.6.9.gemspec
I, [2014-01-05T22:31:54.452402 #6607]  INFO -- : 0:  minitest (4.7.5) from /home/ec2-user/.rvm/rubies/ruby-2.1.0/lib/ruby/gems/2.1.0/specifications/default/minitest-4.7.5.gemspec
I, [2014-01-05T22:31:54.453002 #6607]  INFO -- : 0:  multi_json (1.8.2) from /home/ec2-user/.rvm/gems/ruby-2.1.0/specifications/multi_json-1.8.2.gemspec
I, [2014-01-05T22:31:54.453626 #6607]  INFO -- : 0:  atomic (1.1.14) from /home/ec2-user/.rvm/gems/ruby-2.1.0/specifications/atomic-1.1.14.gemspec
I, [2014-01-05T22:31:54.454227 #6607]  INFO -- : 0:  thread_safe (0.1.3) from /home/ec2-user/.rvm/gems/ruby-2.1.0/specifications/thread_safe-0.1.3.gemspec
I, [2014-01-05T22:31:54.454803 #6607]  INFO -- : 0:  tzinfo (0.3.38) from /home/ec2-user/.rvm/gems/ruby-2.1.0/specifications/tzinfo-0.3.38.gemspec
I, [2014-01-05T22:31:54.455398 #6607]  INFO -- : 0:  activesupport (4.0.0) from /home/ec2-user/.rvm/gems/ruby-2.1.0/specifications/activesupport-4.0.0.gemspec
I, [2014-01-05T22:31:54.455993 #6607]  INFO -- : 0:  builder (3.1.4) from /home/ec2-user/.rvm/gems/ruby-2.1.0/specifications/builder-3.1.4.gemspec
I, [2014-01-05T22:31:54.456568 #6607]  INFO -- : 0:  erubis (2.7.0) from /home/ec2-user/.rvm/gems/ruby-2.1.0/specifications/erubis-2.7.0.gemspec
I, [2014-01-05T22:31:54.457134 #6607]  INFO -- : 0:  rack (1.5.2) from /home/ec2-user/.rvm/gems/ruby-2.1.0/specifications/rack-1.5.2.gemspec
I, [2014-01-05T22:31:54.457736 #6607]  INFO -- : 0:  rack-test (0.6.2) from /home/ec2-user/.rvm/gems/ruby-2.1.0/specifications/rack-test-0.6.2.gemspec
I, [2014-01-05T22:31:54.458315 #6607]  INFO -- : 0:  actionpack (4.0.0) from /home/ec2-user/.rvm/gems/ruby-2.1.0/specifications/actionpack-4.0.0.gemspec
I, [2014-01-05T22:31:54.458900 #6607]  INFO -- : 0:  mime-types (1.25.1) from /home/ec2-user/.rvm/gems/ruby-2.1.0/specifications/mime-types-1.25.1.gemspec
I, [2014-01-05T22:31:54.459510 #6607]  INFO -- : 0:  polyglot (0.3.3) from /home/ec2-user/.rvm/gems/ruby-2.1.0/specifications/polyglot-0.3.3.gemspec
I, [2014-01-05T22:31:54.460080 #6607]  INFO -- : 0:  treetop (1.4.15) from /home/ec2-user/.rvm/gems/ruby-2.1.0/specifications/treetop-1.4.15.gemspec
I, [2014-01-05T22:31:54.460642 #6607]  INFO -- : 0:  mail (2.5.4) from /home/ec2-user/.rvm/gems/ruby-2.1.0/specifications/mail-2.5.4.gemspec
I, [2014-01-05T22:31:54.461213 #6607]  INFO -- : 0:  actionmailer (4.0.0) from /home/ec2-user/.rvm/gems/ruby-2.1.0/specifications/actionmailer-4.0.0.gemspec
I, [2014-01-05T22:31:54.461806 #6607]  INFO -- : 0:  activemodel (4.0.0) from /home/ec2-user/.rvm/gems/ruby-2.1.0/specifications/activemodel-4.0.0.gemspec
I, [2014-01-05T22:31:54.462384 #6607]  INFO -- : 0:  activerecord-deprecated_finders (1.0.3) from /home/ec2-user/.rvm/gems/ruby-2.1.0/specifications/activerecord-deprecated_finders-1.0.3.gemspec
I, [2014-01-05T22:31:54.463088 #6607]  INFO -- : 0:  arel (4.0.1) from /home/ec2-user/.rvm/gems/ruby-2.1.0/specifications/arel-4.0.1.gemspec
I, [2014-01-05T22:31:54.463664 #6607]  INFO -- : 0:  activerecord (4.0.0) from /home/ec2-user/.rvm/gems/ruby-2.1.0/specifications/activerecord-4.0.0.gemspec
I, [2014-01-05T22:31:54.464229 #6607]  INFO -- : 0:  bcrypt-ruby (3.1.2) from /home/ec2-user/.rvm/gems/ruby-2.1.0/specifications/bcrypt-ruby-3.1.2.gemspec
I, [2014-01-05T22:31:54.464788 #6607]  INFO -- : 0:  bundler (1.5.1) from /home/ec2-user/.rvm/gems/ruby-2.1.0@global/specifications/bundler-1.5.1.gemspec
I, [2014-01-05T22:31:54.465354 #6607]  INFO -- : 0:  climate_control (0.0.3) from /home/ec2-user/.rvm/gems/ruby-2.1.0/specifications/climate_control-0.0.3.gemspec
I, [2014-01-05T22:31:54.465929 #6607]  INFO -- : 0:  cocaine (0.5.3) from /home/ec2-user/.rvm/gems/ruby-2.1.0/specifications/cocaine-0.5.3.gemspec
I, [2014-01-05T22:31:54.466510 #6607]  INFO -- : 0:  coffee-script-source (1.6.3) from /home/ec2-user/.rvm/gems/ruby-2.1.0/specifications/coffee-script-source-1.6.3.gemspec
I, [2014-01-05T22:31:54.467078 #6607]  INFO -- : 0:  execjs (2.0.2) from /home/ec2-user/.rvm/gems/ruby-2.1.0/specifications/execjs-2.0.2.gemspec
I, [2014-01-05T22:31:54.467644 #6607]  INFO -- : 0:  coffee-script (2.2.0) from /home/ec2-user/.rvm/gems/ruby-2.1.0/specifications/coffee-script-2.2.0.gemspec
I, [2014-01-05T22:31:54.468215 #6607]  INFO -- : 0:  thor (0.18.1) from /home/ec2-user/.rvm/gems/ruby-2.1.0/specifications/thor-0.18.1.gemspec
I, [2014-01-05T22:31:54.468784 #6607]  INFO -- : 0:  railties (4.0.0) from /home/ec2-user/.rvm/gems/ruby-2.1.0/specifications/railties-4.0.0.gemspec
I, [2014-01-05T22:31:54.469369 #6607]  INFO -- : 0:  coffee-rails (4.0.1) from /home/ec2-user/.rvm/gems/ruby-2.1.0/specifications/coffee-rails-4.0.1.gemspec
I, [2014-01-05T22:31:54.469939 #6607]  INFO -- : 0:  d3js-rails (3.1.6) from /home/ec2-user/.rvm/gems/ruby-2.1.0/specifications/d3js-rails-3.1.6.gemspec
I, [2014-01-05T22:31:54.470502 #6607]  INFO -- : 0:  hike (1.2.3) from /home/ec2-user/.rvm/gems/ruby-2.1.0/specifications/hike-1.2.3.gemspec
I, [2014-01-05T22:31:54.471092 #6607]  INFO -- : 0:  jbuilder (1.5.3) from /home/ec2-user/.rvm/gems/ruby-2.1.0/specifications/jbuilder-1.5.3.gemspec
I, [2014-01-05T22:31:54.471657 #6607]  INFO -- : 0:  jquery-rails (3.0.4) from /home/ec2-user/.rvm/gems/ruby-2.1.0/specifications/jquery-rails-3.0.4.gemspec
I, [2014-01-05T22:31:54.472209 #6607]  INFO -- : 0:  json (1.8.1) from /home/ec2-user/.rvm/rubies/ruby-2.1.0/lib/ruby/gems/2.1.0/specifications/default/json-1.8.1.gemspec
I, [2014-01-05T22:31:55.647910 #6607]  INFO -- : 0:  libv8 (3.16.14.3) from /home/ec2-user/.rvm/gems/ruby-2.1.0/specifications/libv8-3.16.14.3-x86_64-linux.gemspec
I, [2014-01-05T22:31:55.648654 #6607]  INFO -- : 0:  paperclip (3.5.2) from /home/ec2-user/.rvm/gems/ruby-2.1.0/specifications/paperclip-3.5.2.gemspec
I, [2014-01-05T22:31:55.649243 #6607]  INFO -- : 0:  tilt (1.4.1) from /home/ec2-user/.rvm/gems/ruby-2.1.0/specifications/tilt-1.4.1.gemspec
I, [2014-01-05T22:31:55.649851 #6607]  INFO -- : 0:  sprockets (2.10.1) from /home/ec2-user/.rvm/gems/ruby-2.1.0/specifications/sprockets-2.10.1.gemspec
I, [2014-01-05T22:31:55.650432 #6607]  INFO -- : 0:  sprockets-rails (2.0.1) from /home/ec2-user/.rvm/gems/ruby-2.1.0/specifications/sprockets-rails-2.0.1.gemspec
I, [2014-01-05T22:31:55.651016 #6607]  INFO -- : 0:  rails (4.0.0) from /home/ec2-user/.rvm/gems/ruby-2.1.0/specifications/rails-4.0.0.gemspec
I, [2014-01-05T22:31:55.651605 #6607]  INFO -- : 0:  rdoc (3.12.2) from /home/ec2-user/.rvm/gems/ruby-2.1.0/specifications/rdoc-3.12.2.gemspec
I, [2014-01-05T22:31:55.846723 #6607]  INFO -- : 0:  ref (1.0.5) from /home/ec2-user/.rvm/gems/ruby-2.1.0/specifications/ref-1.0.5.gemspec
I, [2014-01-05T22:31:55.847443 #6607]  INFO -- : 0:  sass (3.2.13) from /home/ec2-user/.rvm/gems/ruby-2.1.0/specifications/sass-3.2.13.gemspec
I, [2014-01-05T22:31:55.848047 #6607]  INFO -- : 0:  sass-rails (4.0.1) from /home/ec2-user/.rvm/gems/ruby-2.1.0/specifications/sass-rails-4.0.1.gemspec
I, [2014-01-05T22:31:55.848633 #6607]  INFO -- : 0:  sdoc (0.3.20) from /home/ec2-user/.rvm/gems/ruby-2.1.0/specifications/sdoc-0.3.20.gemspec
I, [2014-01-05T22:31:55.849217 #6607]  INFO -- : 0:  sqlite3 (1.3.8) from /home/ec2-user/.rvm/gems/ruby-2.1.0/specifications/sqlite3-1.3.8.gemspec
I, [2014-01-05T22:33:04.856577 #6607]  INFO -- : 0:  therubyracer (0.12.0) from /home/ec2-user/.rvm/gems/ruby-2.1.0/specifications/therubyracer-0.12.0.gemspec
I, [2014-01-05T22:33:04.857843 #6607]  INFO -- : 0:  turbolinks (2.1.0) from /home/ec2-user/.rvm/gems/ruby-2.1.0/specifications/turbolinks-2.1.0.gemspec
I, [2014-01-05T22:33:04.858615 #6607]  INFO -- : 0:  uglifier (2.4.0) from /home/ec2-user/.rvm/gems/ruby-2.1.0/specifications/uglifier-2.4.0.gemspec
I, [2014-01-05T22:33:19.411435 #6751]  INFO -- : 0:  rake (10.1.1) from /home/ec2-user/.rvm/gems/ruby-2.1.0/specifications/rake-10.1.1.gemspec
I, [2014-01-05T22:33:19.412274 #6751]  INFO -- : 0:  i18n (0.6.9) from /home/ec2-user/.rvm/gems/ruby-2.1.0/specifications/i18n-0.6.9.gemspec
I, [2014-01-05T22:33:19.412916 #6751]  INFO -- : 0:  minitest (4.7.5) from /home/ec2-user/.rvm/rubies/ruby-2.1.0/lib/ruby/gems/2.1.0/specifications/default/minitest-4.7.5.gemspec
I, [2014-01-05T22:33:19.413597 #6751]  INFO -- : 0:  multi_json (1.8.2) from /home/ec2-user/.rvm/gems/ruby-2.1.0/specifications/multi_json-1.8.2.gemspec
I, [2014-01-05T22:33:19.414254 #6751]  INFO -- : 0:  atomic (1.1.14) from /home/ec2-user/.rvm/gems/ruby-2.1.0/specifications/atomic-1.1.14.gemspec
I, [2014-01-05T22:33:19.414914 #6751]  INFO -- : 0:  thread_safe (0.1.3) from /home/ec2-user/.rvm/gems/ruby-2.1.0/specifications/thread_safe-0.1.3.gemspec
I, [2014-01-05T22:33:19.415569 #6751]  INFO -- : 0:  tzinfo (0.3.38) from /home/ec2-user/.rvm/gems/ruby-2.1.0/specifications/tzinfo-0.3.38.gemspec
I, [2014-01-05T22:33:19.416239 #6751]  INFO -- : 0:  activesupport (4.0.0) from /home/ec2-user/.rvm/gems/ruby-2.1.0/specifications/activesupport-4.0.0.gemspec
I, [2014-01-05T22:33:19.525390 #6751]  INFO -- : 0:  builder (3.1.4) from /home/ec2-user/.rvm/gems/ruby-2.1.0/specifications/builder-3.1.4.gemspec
I, [2014-01-05T22:33:19.526212 #6751]  INFO -- : 0:  erubis (2.7.0) from /home/ec2-user/.rvm/gems/ruby-2.1.0/specifications/erubis-2.7.0.gemspec
I, [2014-01-05T22:33:19.526831 #6751]  INFO -- : 0:  rack (1.5.2) from /home/ec2-user/.rvm/gems/ruby-2.1.0/specifications/rack-1.5.2.gemspec
I, [2014-01-05T22:33:19.527441 #6751]  INFO -- : 0:  rack-test (0.6.2) from /home/ec2-user/.rvm/gems/ruby-2.1.0/specifications/rack-test-0.6.2.gemspec
I, [2014-01-05T22:33:19.528030 #6751]  INFO -- : 0:  actionpack (4.0.0) from /home/ec2-user/.rvm/gems/ruby-2.1.0/specifications/actionpack-4.0.0.gemspec
I, [2014-01-05T22:33:19.528587 #6751]  INFO -- : 0:  mime-types (1.25.1) from /home/ec2-user/.rvm/gems/ruby-2.1.0/specifications/mime-types-1.25.1.gemspec
I, [2014-01-05T22:33:19.529183 #6751]  INFO -- : 0:  polyglot (0.3.3) from /home/ec2-user/.rvm/gems/ruby-2.1.0/specifications/polyglot-0.3.3.gemspec
I, [2014-01-05T22:33:19.529778 #6751]  INFO -- : 0:  treetop (1.4.15) from /home/ec2-user/.rvm/gems/ruby-2.1.0/specifications/treetop-1.4.15.gemspec
I, [2014-01-05T22:33:19.530354 #6751]  INFO -- : 0:  mail (2.5.4) from /home/ec2-user/.rvm/gems/ruby-2.1.0/specifications/mail-2.5.4.gemspec
I, [2014-01-05T22:33:19.530924 #6751]  INFO -- : 0:  actionmailer (4.0.0) from /home/ec2-user/.rvm/gems/ruby-2.1.0/specifications/actionmailer-4.0.0.gemspec
I, [2014-01-05T22:33:19.531518 #6751]  INFO -- : 0:  activemodel (4.0.0) from /home/ec2-user/.rvm/gems/ruby-2.1.0/specifications/activemodel-4.0.0.gemspec
I, [2014-01-05T22:33:19.532084 #6751]  INFO -- : 0:  activerecord-deprecated_finders (1.0.3) from /home/ec2-user/.rvm/gems/ruby-2.1.0/specifications/activerecord-deprecated_finders-1.0.3.gemspec
I, [2014-01-05T22:33:19.532670 #6751]  INFO -- : 0:  arel (4.0.1) from /home/ec2-user/.rvm/gems/ruby-2.1.0/specifications/arel-4.0.1.gemspec
I, [2014-01-05T22:33:19.533297 #6751]  INFO -- : 0:  activerecord (4.0.0) from /home/ec2-user/.rvm/gems/ruby-2.1.0/specifications/activerecord-4.0.0.gemspec
I, [2014-01-05T22:33:19.533861 #6751]  INFO -- : 0:  bcrypt-ruby (3.1.2) from /home/ec2-user/.rvm/gems/ruby-2.1.0/specifications/bcrypt-ruby-3.1.2.gemspec
I, [2014-01-05T22:33:19.534421 #6751]  INFO -- : 0:  climate_control (0.0.3) from /home/ec2-user/.rvm/gems/ruby-2.1.0/specifications/climate_control-0.0.3.gemspec
I, [2014-01-05T22:33:19.534982 #6751]  INFO -- : 0:  cocaine (0.5.3) from /home/ec2-user/.rvm/gems/ruby-2.1.0/specifications/cocaine-0.5.3.gemspec
I, [2014-01-05T22:33:19.535564 #6751]  INFO -- : 0:  coffee-script-source (1.6.3) from /home/ec2-user/.rvm/gems/ruby-2.1.0/specifications/coffee-script-source-1.6.3.gemspec
I, [2014-01-05T22:33:19.536146 #6751]  INFO -- : 0:  execjs (2.0.2) from /home/ec2-user/.rvm/gems/ruby-2.1.0/specifications/execjs-2.0.2.gemspec
I, [2014-01-05T22:33:19.645124 #6751]  INFO -- : 0:  coffee-script (2.2.0) from /home/ec2-user/.rvm/gems/ruby-2.1.0/specifications/coffee-script-2.2.0.gemspec
I, [2014-01-05T22:33:19.645877 #6751]  INFO -- : 0:  thor (0.18.1) from /home/ec2-user/.rvm/gems/ruby-2.1.0/specifications/thor-0.18.1.gemspec
I, [2014-01-05T22:33:19.646482 #6751]  INFO -- : 0:  railties (4.0.0) from /home/ec2-user/.rvm/gems/ruby-2.1.0/specifications/railties-4.0.0.gemspec
I, [2014-01-05T22:33:19.647084 #6751]  INFO -- : 0:  coffee-rails (4.0.1) from /home/ec2-user/.rvm/gems/ruby-2.1.0/specifications/coffee-rails-4.0.1.gemspec
I, [2014-01-05T22:33:19.647671 #6751]  INFO -- : 0:  d3js-rails (3.1.6) from /home/ec2-user/.rvm/gems/ruby-2.1.0/specifications/d3js-rails-3.1.6.gemspec
I, [2014-01-05T22:33:19.648259 #6751]  INFO -- : 0:  hike (1.2.3) from /home/ec2-user/.rvm/gems/ruby-2.1.0/specifications/hike-1.2.3.gemspec
I, [2014-01-05T22:33:19.648826 #6751]  INFO -- : 0:  jbuilder (1.5.3) from /home/ec2-user/.rvm/gems/ruby-2.1.0/specifications/jbuilder-1.5.3.gemspec
I, [2014-01-05T22:33:19.649408 #6751]  INFO -- : 0:  jquery-rails (3.0.4) from /home/ec2-user/.rvm/gems/ruby-2.1.0/specifications/jquery-rails-3.0.4.gemspec
I, [2014-01-05T22:33:19.649972 #6751]  INFO -- : 0:  json (1.8.1) from /home/ec2-user/.rvm/rubies/ruby-2.1.0/lib/ruby/gems/2.1.0/specifications/default/json-1.8.1.gemspec
I, [2014-01-05T22:33:19.650591 #6751]  INFO -- : 0:  libv8 (3.16.14.3) from /home/ec2-user/.rvm/gems/ruby-2.1.0/specifications/libv8-3.16.14.3-x86_64-linux.gemspec
I, [2014-01-05T22:33:19.651165 #6751]  INFO -- : 0:  paperclip (3.5.2) from /home/ec2-user/.rvm/gems/ruby-2.1.0/specifications/paperclip-3.5.2.gemspec
I, [2014-01-05T22:33:19.651747 #6751]  INFO -- : 0:  bundler (1.5.1) from /home/ec2-user/.rvm/gems/ruby-2.1.0@global/specifications/bundler-1.5.1.gemspec
I, [2014-01-05T22:33:19.652304 #6751]  INFO -- : 0:  tilt (1.4.1) from /home/ec2-user/.rvm/gems/ruby-2.1.0/specifications/tilt-1.4.1.gemspec
I, [2014-01-05T22:33:19.652880 #6751]  INFO -- : 0:  sprockets (2.10.1) from /home/ec2-user/.rvm/gems/ruby-2.1.0/specifications/sprockets-2.10.1.gemspec
I, [2014-01-05T22:33:19.653464 #6751]  INFO -- : 0:  sprockets-rails (2.0.1) from /home/ec2-user/.rvm/gems/ruby-2.1.0/specifications/sprockets-rails-2.0.1.gemspec
I, [2014-01-05T22:33:19.654047 #6751]  INFO -- : 0:  rails (4.0.0) from /home/ec2-user/.rvm/gems/ruby-2.1.0/specifications/rails-4.0.0.gemspec
I, [2014-01-05T22:33:19.654639 #6751]  INFO -- : 0:  rdoc (3.12.2) from /home/ec2-user/.rvm/gems/ruby-2.1.0/specifications/rdoc-3.12.2.gemspec
I, [2014-01-05T22:33:19.655200 #6751]  INFO -- : 0:  ref (1.0.5) from /home/ec2-user/.rvm/gems/ruby-2.1.0/specifications/ref-1.0.5.gemspec
I, [2014-01-05T22:33:19.655782 #6751]  INFO -- : 0:  sass (3.2.13) from /home/ec2-user/.rvm/gems/ruby-2.1.0/specifications/sass-3.2.13.gemspec
I, [2014-01-05T22:33:19.656371 #6751]  INFO -- : 0:  sass-rails (4.0.1) from /home/ec2-user/.rvm/gems/ruby-2.1.0/specifications/sass-rails-4.0.1.gemspec
I, [2014-01-05T22:33:19.765693 #6751]  INFO -- : 0:  sdoc (0.3.20) from /home/ec2-user/.rvm/gems/ruby-2.1.0/specifications/sdoc-0.3.20.gemspec
I, [2014-01-05T22:33:19.766414 #6751]  INFO -- : 0:  sqlite3 (1.3.8) from /home/ec2-user/.rvm/gems/ruby-2.1.0/specifications/sqlite3-1.3.8.gemspec
I, [2014-01-05T22:33:19.767053 #6751]  INFO -- : 0:  therubyracer (0.12.0) from /home/ec2-user/.rvm/gems/ruby-2.1.0/specifications/therubyracer-0.12.0.gemspec
I, [2014-01-05T22:33:19.767703 #6751]  INFO -- : 0:  turbolinks (2.1.0) from /home/ec2-user/.rvm/gems/ruby-2.1.0/specifications/turbolinks-2.1.0.gemspec
I, [2014-01-05T22:33:19.768374 #6751]  INFO -- : 0:  uglifier (2.4.0) from /home/ec2-user/.rvm/gems/ruby-2.1.0/specifications/uglifier-2.4.0.gemspec
I, [2014-01-06T04:51:38.409760 #2888]  INFO -- : 0:  rake (10.1.1) from /home/ec2-user/.rvm/gems/ruby-2.1.0/specifications/rake-10.1.1.gemspec
I, [2014-01-06T04:51:38.417546 #2888]  INFO -- : 0:  i18n (0.6.9) from /home/ec2-user/.rvm/gems/ruby-2.1.0/specifications/i18n-0.6.9.gemspec
I, [2014-01-06T04:51:38.418113 #2888]  INFO -- : 0:  minitest (4.7.5) from /home/ec2-user/.rvm/rubies/ruby-2.1.0/lib/ruby/gems/2.1.0/specifications/default/minitest-4.7.5.gemspec
I, [2014-01-06T04:51:38.418682 #2888]  INFO -- : 0:  multi_json (1.8.2) from /home/ec2-user/.rvm/gems/ruby-2.1.0/specifications/multi_json-1.8.2.gemspec
I, [2014-01-06T04:51:38.419264 #2888]  INFO -- : 0:  atomic (1.1.14) from /home/ec2-user/.rvm/gems/ruby-2.1.0/specifications/atomic-1.1.14.gemspec
I, [2014-01-06T04:51:38.419842 #2888]  INFO -- : 0:  thread_safe (0.1.3) from /home/ec2-user/.rvm/gems/ruby-2.1.0/specifications/thread_safe-0.1.3.gemspec
I, [2014-01-06T04:51:38.420398 #2888]  INFO -- : 0:  tzinfo (0.3.38) from /home/ec2-user/.rvm/gems/ruby-2.1.0/specifications/tzinfo-0.3.38.gemspec
I, [2014-01-06T04:51:38.420946 #2888]  INFO -- : 0:  activesupport (4.0.0) from /home/ec2-user/.rvm/gems/ruby-2.1.0/specifications/activesupport-4.0.0.gemspec
I, [2014-01-06T04:51:38.421501 #2888]  INFO -- : 0:  builder (3.1.4) from /home/ec2-user/.rvm/gems/ruby-2.1.0/specifications/builder-3.1.4.gemspec
I, [2014-01-06T04:51:38.422038 #2888]  INFO -- : 0:  erubis (2.7.0) from /home/ec2-user/.rvm/gems/ruby-2.1.0/specifications/erubis-2.7.0.gemspec
I, [2014-01-06T04:51:38.422582 #2888]  INFO -- : 0:  rack (1.5.2) from /home/ec2-user/.rvm/gems/ruby-2.1.0/specifications/rack-1.5.2.gemspec
I, [2014-01-06T04:51:38.423126 #2888]  INFO -- : 0:  rack-test (0.6.2) from /home/ec2-user/.rvm/gems/ruby-2.1.0/specifications/rack-test-0.6.2.gemspec
I, [2014-01-06T04:51:38.423646 #2888]  INFO -- : 0:  actionpack (4.0.0) from /home/ec2-user/.rvm/gems/ruby-2.1.0/specifications/actionpack-4.0.0.gemspec
I, [2014-01-06T04:51:38.424176 #2888]  INFO -- : 0:  mime-types (1.25.1) from /home/ec2-user/.rvm/gems/ruby-2.1.0/specifications/mime-types-1.25.1.gemspec
I, [2014-01-06T04:51:38.424673 #2888]  INFO -- : 0:  polyglot (0.3.3) from /home/ec2-user/.rvm/gems/ruby-2.1.0/specifications/polyglot-0.3.3.gemspec
I, [2014-01-06T04:51:38.425187 #2888]  INFO -- : 0:  treetop (1.4.15) from /home/ec2-user/.rvm/gems/ruby-2.1.0/specifications/treetop-1.4.15.gemspec
I, [2014-01-06T04:51:38.425683 #2888]  INFO -- : 0:  mail (2.5.4) from /home/ec2-user/.rvm/gems/ruby-2.1.0/specifications/mail-2.5.4.gemspec
I, [2014-01-06T04:51:38.426223 #2888]  INFO -- : 0:  actionmailer (4.0.0) from /home/ec2-user/.rvm/gems/ruby-2.1.0/specifications/actionmailer-4.0.0.gemspec
I, [2014-01-06T04:51:38.426756 #2888]  INFO -- : 0:  activemodel (4.0.0) from /home/ec2-user/.rvm/gems/ruby-2.1.0/specifications/activemodel-4.0.0.gemspec
I, [2014-01-06T04:51:38.427267 #2888]  INFO -- : 0:  activerecord-deprecated_finders (1.0.3) from /home/ec2-user/.rvm/gems/ruby-2.1.0/specifications/activerecord-deprecated_finders-1.0.3.gemspec
I, [2014-01-06T04:51:38.427802 #2888]  INFO -- : 0:  arel (4.0.1) from /home/ec2-user/.rvm/gems/ruby-2.1.0/specifications/arel-4.0.1.gemspec
I, [2014-01-06T04:51:38.428307 #2888]  INFO -- : 0:  activerecord (4.0.0) from /home/ec2-user/.rvm/gems/ruby-2.1.0/specifications/activerecord-4.0.0.gemspec
I, [2014-01-06T04:51:38.428803 #2888]  INFO -- : 0:  bcrypt-ruby (3.1.2) from /home/ec2-user/.rvm/gems/ruby-2.1.0/specifications/bcrypt-ruby-3.1.2.gemspec
I, [2014-01-06T04:51:38.429316 #2888]  INFO -- : 0:  bundler (1.5.1) from /home/ec2-user/.rvm/gems/ruby-2.1.0@global/specifications/bundler-1.5.1.gemspec
I, [2014-01-06T04:51:38.429819 #2888]  INFO -- : 0:  climate_control (0.0.3) from /home/ec2-user/.rvm/gems/ruby-2.1.0/specifications/climate_control-0.0.3.gemspec
I, [2014-01-06T04:51:38.430317 #2888]  INFO -- : 0:  cocaine (0.5.3) from /home/ec2-user/.rvm/gems/ruby-2.1.0/specifications/cocaine-0.5.3.gemspec
I, [2014-01-06T04:51:38.430883 #2888]  INFO -- : 0:  coffee-script-source (1.6.3) from /home/ec2-user/.rvm/gems/ruby-2.1.0/specifications/coffee-script-source-1.6.3.gemspec
I, [2014-01-06T04:51:38.431397 #2888]  INFO -- : 0:  execjs (2.0.2) from /home/ec2-user/.rvm/gems/ruby-2.1.0/specifications/execjs-2.0.2.gemspec
I, [2014-01-06T04:51:38.431906 #2888]  INFO -- : 0:  coffee-script (2.2.0) from /home/ec2-user/.rvm/gems/ruby-2.1.0/specifications/coffee-script-2.2.0.gemspec
I, [2014-01-06T04:51:38.432413 #2888]  INFO -- : 0:  thor (0.18.1) from /home/ec2-user/.rvm/gems/ruby-2.1.0/specifications/thor-0.18.1.gemspec
I, [2014-01-06T04:51:38.432942 #2888]  INFO -- : 0:  railties (4.0.0) from /home/ec2-user/.rvm/gems/ruby-2.1.0/specifications/railties-4.0.0.gemspec
I, [2014-01-06T04:51:38.433442 #2888]  INFO -- : 0:  coffee-rails (4.0.1) from /home/ec2-user/.rvm/gems/ruby-2.1.0/specifications/coffee-rails-4.0.1.gemspec
I, [2014-01-06T04:51:38.433970 #2888]  INFO -- : 0:  d3js-rails (3.1.6) from /home/ec2-user/.rvm/gems/ruby-2.1.0/specifications/d3js-rails-3.1.6.gemspec
I, [2014-01-06T04:51:39.004401 #2888]  INFO -- : 0:  font-awesome-rails (4.0.3.1) from /home/ec2-user/.rvm/gems/ruby-2.1.0/specifications/font-awesome-rails-4.0.3.1.gemspec
I, [2014-01-06T04:51:39.005188 #2888]  INFO -- : 0:  hike (1.2.3) from /home/ec2-user/.rvm/gems/ruby-2.1.0/specifications/hike-1.2.3.gemspec
I, [2014-01-06T04:51:39.005759 #2888]  INFO -- : 0:  jbuilder (1.5.3) from /home/ec2-user/.rvm/gems/ruby-2.1.0/specifications/jbuilder-1.5.3.gemspec
I, [2014-01-06T04:51:39.006354 #2888]  INFO -- : 0:  jquery-rails (3.0.4) from /home/ec2-user/.rvm/gems/ruby-2.1.0/specifications/jquery-rails-3.0.4.gemspec
I, [2014-01-06T04:51:39.006946 #2888]  INFO -- : 0:  json (1.8.1) from /home/ec2-user/.rvm/rubies/ruby-2.1.0/lib/ruby/gems/2.1.0/specifications/default/json-1.8.1.gemspec
I, [2014-01-06T04:51:39.007562 #2888]  INFO -- : 0:  libv8 (3.16.14.3) from /home/ec2-user/.rvm/gems/ruby-2.1.0/specifications/libv8-3.16.14.3-x86_64-linux.gemspec
I, [2014-01-06T04:51:39.008152 #2888]  INFO -- : 0:  paperclip (3.5.2) from /home/ec2-user/.rvm/gems/ruby-2.1.0/specifications/paperclip-3.5.2.gemspec
I, [2014-01-06T04:51:39.008728 #2888]  INFO -- : 0:  tilt (1.4.1) from /home/ec2-user/.rvm/gems/ruby-2.1.0/specifications/tilt-1.4.1.gemspec
I, [2014-01-06T04:51:39.009328 #2888]  INFO -- : 0:  sprockets (2.10.1) from /home/ec2-user/.rvm/gems/ruby-2.1.0/specifications/sprockets-2.10.1.gemspec
I, [2014-01-06T04:51:39.009909 #2888]  INFO -- : 0:  sprockets-rails (2.0.1) from /home/ec2-user/.rvm/gems/ruby-2.1.0/specifications/sprockets-rails-2.0.1.gemspec
I, [2014-01-06T04:51:39.010513 #2888]  INFO -- : 0:  rails (4.0.0) from /home/ec2-user/.rvm/gems/ruby-2.1.0/specifications/rails-4.0.0.gemspec
I, [2014-01-06T04:51:39.011095 #2888]  INFO -- : 0:  rdoc (3.12.2) from /home/ec2-user/.rvm/gems/ruby-2.1.0/specifications/rdoc-3.12.2.gemspec
I, [2014-01-06T04:51:39.011657 #2888]  INFO -- : 0:  ref (1.0.5) from /home/ec2-user/.rvm/gems/ruby-2.1.0/specifications/ref-1.0.5.gemspec
I, [2014-01-06T04:51:39.012232 #2888]  INFO -- : 0:  sass (3.2.13) from /home/ec2-user/.rvm/gems/ruby-2.1.0/specifications/sass-3.2.13.gemspec
I, [2014-01-06T04:51:39.012776 #2888]  INFO -- : 0:  sass-rails (4.0.1) from /home/ec2-user/.rvm/gems/ruby-2.1.0/specifications/sass-rails-4.0.1.gemspec
I, [2014-01-06T04:51:39.013344 #2888]  INFO -- : 0:  sdoc (0.3.20) from /home/ec2-user/.rvm/gems/ruby-2.1.0/specifications/sdoc-0.3.20.gemspec
I, [2014-01-06T04:51:39.013900 #2888]  INFO -- : 0:  sqlite3 (1.3.8) from /home/ec2-user/.rvm/gems/ruby-2.1.0/specifications/sqlite3-1.3.8.gemspec
I, [2014-01-06T04:51:39.014452 #2888]  INFO -- : 0:  therubyracer (0.12.0) from /home/ec2-user/.rvm/gems/ruby-2.1.0/specifications/therubyracer-0.12.0.gemspec
I, [2014-01-06T04:51:39.015047 #2888]  INFO -- : 0:  turbolinks (2.1.0) from /home/ec2-user/.rvm/gems/ruby-2.1.0/specifications/turbolinks-2.1.0.gemspec
I, [2014-01-06T04:51:39.015592 #2888]  INFO -- : 0:  uglifier (2.4.0) from /home/ec2-user/.rvm/gems/ruby-2.1.0/specifications/uglifier-2.4.0.gemspec
I, [2014-01-06T04:52:26.677069 #2891]  INFO -- : 0:  rake (10.1.1) from /home/ec2-user/.rvm/gems/ruby-2.1.0/specifications/rake-10.1.1.gemspec
I, [2014-01-06T04:52:26.677887 #2891]  INFO -- : 0:  i18n (0.6.9) from /home/ec2-user/.rvm/gems/ruby-2.1.0/specifications/i18n-0.6.9.gemspec
I, [2014-01-06T04:52:26.678551 #2891]  INFO -- : 0:  minitest (4.7.5) from /home/ec2-user/.rvm/rubies/ruby-2.1.0/lib/ruby/gems/2.1.0/specifications/default/minitest-4.7.5.gemspec
I, [2014-01-06T04:52:26.679152 #2891]  INFO -- : 0:  multi_json (1.8.2) from /home/ec2-user/.rvm/gems/ruby-2.1.0/specifications/multi_json-1.8.2.gemspec
I, [2014-01-06T04:52:26.679790 #2891]  INFO -- : 0:  atomic (1.1.14) from /home/ec2-user/.rvm/gems/ruby-2.1.0/specifications/atomic-1.1.14.gemspec
I, [2014-01-06T04:52:26.680401 #2891]  INFO -- : 0:  thread_safe (0.1.3) from /home/ec2-user/.rvm/gems/ruby-2.1.0/specifications/thread_safe-0.1.3.gemspec
I, [2014-01-06T04:52:26.681009 #2891]  INFO -- : 0:  tzinfo (0.3.38) from /home/ec2-user/.rvm/gems/ruby-2.1.0/specifications/tzinfo-0.3.38.gemspec
I, [2014-01-06T04:52:26.681623 #2891]  INFO -- : 0:  activesupport (4.0.0) from /home/ec2-user/.rvm/gems/ruby-2.1.0/specifications/activesupport-4.0.0.gemspec
I, [2014-01-06T04:52:26.682221 #2891]  INFO -- : 0:  builder (3.1.4) from /home/ec2-user/.rvm/gems/ruby-2.1.0/specifications/builder-3.1.4.gemspec
I, [2014-01-06T04:52:26.682824 #2891]  INFO -- : 0:  erubis (2.7.0) from /home/ec2-user/.rvm/gems/ruby-2.1.0/specifications/erubis-2.7.0.gemspec
I, [2014-01-06T04:52:26.683360 #2891]  INFO -- : 0:  rack (1.5.2) from /home/ec2-user/.rvm/gems/ruby-2.1.0/specifications/rack-1.5.2.gemspec
I, [2014-01-06T04:52:26.683884 #2891]  INFO -- : 0:  rack-test (0.6.2) from /home/ec2-user/.rvm/gems/ruby-2.1.0/specifications/rack-test-0.6.2.gemspec
I, [2014-01-06T04:52:26.684442 #2891]  INFO -- : 0:  actionpack (4.0.0) from /home/ec2-user/.rvm/gems/ruby-2.1.0/specifications/actionpack-4.0.0.gemspec
I, [2014-01-06T04:52:26.684977 #2891]  INFO -- : 0:  mime-types (1.25.1) from /home/ec2-user/.rvm/gems/ruby-2.1.0/specifications/mime-types-1.25.1.gemspec
I, [2014-01-06T04:52:26.685503 #2891]  INFO -- : 0:  polyglot (0.3.3) from /home/ec2-user/.rvm/gems/ruby-2.1.0/specifications/polyglot-0.3.3.gemspec
I, [2014-01-06T04:52:26.686032 #2891]  INFO -- : 0:  treetop (1.4.15) from /home/ec2-user/.rvm/gems/ruby-2.1.0/specifications/treetop-1.4.15.gemspec
I, [2014-01-06T04:52:26.686576 #2891]  INFO -- : 0:  mail (2.5.4) from /home/ec2-user/.rvm/gems/ruby-2.1.0/specifications/mail-2.5.4.gemspec
I, [2014-01-06T04:52:26.687111 #2891]  INFO -- : 0:  actionmailer (4.0.0) from /home/ec2-user/.rvm/gems/ruby-2.1.0/specifications/actionmailer-4.0.0.gemspec
I, [2014-01-06T04:52:26.687638 #2891]  INFO -- : 0:  activemodel (4.0.0) from /home/ec2-user/.rvm/gems/ruby-2.1.0/specifications/activemodel-4.0.0.gemspec
I, [2014-01-06T04:52:26.688165 #2891]  INFO -- : 0:  activerecord-deprecated_finders (1.0.3) from /home/ec2-user/.rvm/gems/ruby-2.1.0/specifications/activerecord-deprecated_finders-1.0.3.gemspec
I, [2014-01-06T04:52:26.688701 #2891]  INFO -- : 0:  arel (4.0.1) from /home/ec2-user/.rvm/gems/ruby-2.1.0/specifications/arel-4.0.1.gemspec
I, [2014-01-06T04:52:26.689242 #2891]  INFO -- : 0:  activerecord (4.0.0) from /home/ec2-user/.rvm/gems/ruby-2.1.0/specifications/activerecord-4.0.0.gemspec
I, [2014-01-06T04:52:26.689780 #2891]  INFO -- : 0:  bcrypt-ruby (3.1.2) from /home/ec2-user/.rvm/gems/ruby-2.1.0/specifications/bcrypt-ruby-3.1.2.gemspec
I, [2014-01-06T04:52:26.690303 #2891]  INFO -- : 0:  bundler (1.5.1) from /home/ec2-user/.rvm/gems/ruby-2.1.0@global/specifications/bundler-1.5.1.gemspec
I, [2014-01-06T04:52:26.690832 #2891]  INFO -- : 0:  climate_control (0.0.3) from /home/ec2-user/.rvm/gems/ruby-2.1.0/specifications/climate_control-0.0.3.gemspec
I, [2014-01-06T04:52:26.691364 #2891]  INFO -- : 0:  cocaine (0.5.3) from /home/ec2-user/.rvm/gems/ruby-2.1.0/specifications/cocaine-0.5.3.gemspec
I, [2014-01-06T04:52:26.691901 #2891]  INFO -- : 0:  coffee-script-source (1.6.3) from /home/ec2-user/.rvm/gems/ruby-2.1.0/specifications/coffee-script-source-1.6.3.gemspec
I, [2014-01-06T04:52:26.692427 #2891]  INFO -- : 0:  execjs (2.0.2) from /home/ec2-user/.rvm/gems/ruby-2.1.0/specifications/execjs-2.0.2.gemspec
I, [2014-01-06T04:52:26.692949 #2891]  INFO -- : 0:  coffee-script (2.2.0) from /home/ec2-user/.rvm/gems/ruby-2.1.0/specifications/coffee-script-2.2.0.gemspec
I, [2014-01-06T04:52:26.693476 #2891]  INFO -- : 0:  thor (0.18.1) from /home/ec2-user/.rvm/gems/ruby-2.1.0/specifications/thor-0.18.1.gemspec
I, [2014-01-06T04:52:26.694025 #2891]  INFO -- : 0:  railties (4.0.0) from /home/ec2-user/.rvm/gems/ruby-2.1.0/specifications/railties-4.0.0.gemspec
I, [2014-01-06T04:52:26.694576 #2891]  INFO -- : 0:  coffee-rails (4.0.1) from /home/ec2-user/.rvm/gems/ruby-2.1.0/specifications/coffee-rails-4.0.1.gemspec
I, [2014-01-06T04:52:26.695108 #2891]  INFO -- : 0:  d3js-rails (3.1.6) from /home/ec2-user/.rvm/gems/ruby-2.1.0/specifications/d3js-rails-3.1.6.gemspec
I, [2014-01-06T04:52:26.695638 #2891]  INFO -- : 0:  font-awesome-rails (4.0.3.1) from /home/ec2-user/.rvm/gems/ruby-2.1.0/specifications/font-awesome-rails-4.0.3.1.gemspec
I, [2014-01-06T04:52:26.696168 #2891]  INFO -- : 0:  hike (1.2.3) from /home/ec2-user/.rvm/gems/ruby-2.1.0/specifications/hike-1.2.3.gemspec
I, [2014-01-06T04:52:26.696714 #2891]  INFO -- : 0:  jbuilder (1.5.3) from /home/ec2-user/.rvm/gems/ruby-2.1.0/specifications/jbuilder-1.5.3.gemspec
I, [2014-01-06T04:52:26.697217 #2891]  INFO -- : 0:  jquery-rails (3.0.4) from /home/ec2-user/.rvm/gems/ruby-2.1.0/specifications/jquery-rails-3.0.4.gemspec
I, [2014-01-06T04:52:26.697741 #2891]  INFO -- : 0:  json (1.8.1) from /home/ec2-user/.rvm/rubies/ruby-2.1.0/lib/ruby/gems/2.1.0/specifications/default/json-1.8.1.gemspec
I, [2014-01-06T04:52:26.698306 #2891]  INFO -- : 0:  libv8 (3.16.14.3) from /home/ec2-user/.rvm/gems/ruby-2.1.0/specifications/libv8-3.16.14.3-x86_64-linux.gemspec
I, [2014-01-06T04:52:26.698859 #2891]  INFO -- : 0:  paperclip (3.5.2) from /home/ec2-user/.rvm/gems/ruby-2.1.0/specifications/paperclip-3.5.2.gemspec
I, [2014-01-06T04:52:26.699387 #2891]  INFO -- : 0:  tilt (1.4.1) from /home/ec2-user/.rvm/gems/ruby-2.1.0/specifications/tilt-1.4.1.gemspec
I, [2014-01-06T04:52:26.699924 #2891]  INFO -- : 0:  sprockets (2.10.1) from /home/ec2-user/.rvm/gems/ruby-2.1.0/specifications/sprockets-2.10.1.gemspec
I, [2014-01-06T04:52:26.700455 #2891]  INFO -- : 0:  sprockets-rails (2.0.1) from /home/ec2-user/.rvm/gems/ruby-2.1.0/specifications/sprockets-rails-2.0.1.gemspec
I, [2014-01-06T04:52:26.700979 #2891]  INFO -- : 0:  rails (4.0.0) from /home/ec2-user/.rvm/gems/ruby-2.1.0/specifications/rails-4.0.0.gemspec
I, [2014-01-06T04:52:26.701507 #2891]  INFO -- : 0:  rdoc (3.12.2) from /home/ec2-user/.rvm/gems/ruby-2.1.0/specifications/rdoc-3.12.2.gemspec
I, [2014-01-06T04:52:26.702039 #2891]  INFO -- : 0:  ref (1.0.5) from /home/ec2-user/.rvm/gems/ruby-2.1.0/specifications/ref-1.0.5.gemspec
I, [2014-01-06T04:52:26.702585 #2891]  INFO -- : 0:  sass (3.2.13) from /home/ec2-user/.rvm/gems/ruby-2.1.0/specifications/sass-3.2.13.gemspec
I, [2014-01-06T04:52:26.703109 #2891]  INFO -- : 0:  sass-rails (4.0.1) from /home/ec2-user/.rvm/gems/ruby-2.1.0/specifications/sass-rails-4.0.1.gemspec
I, [2014-01-06T04:52:26.703629 #2891]  INFO -- : 0:  sdoc (0.3.20) from /home/ec2-user/.rvm/gems/ruby-2.1.0/specifications/sdoc-0.3.20.gemspec
I, [2014-01-06T04:52:26.704160 #2891]  INFO -- : 0:  sqlite3 (1.3.8) from /home/ec2-user/.rvm/gems/ruby-2.1.0/specifications/sqlite3-1.3.8.gemspec
I, [2014-01-06T04:52:26.704692 #2891]  INFO -- : 0:  therubyracer (0.12.0) from /home/ec2-user/.rvm/gems/ruby-2.1.0/specifications/therubyracer-0.12.0.gemspec
I, [2014-01-06T04:52:26.705223 #2891]  INFO -- : 0:  turbolinks (2.1.0) from /home/ec2-user/.rvm/gems/ruby-2.1.0/specifications/turbolinks-2.1.0.gemspec
I, [2014-01-06T04:52:26.705761 #2891]  INFO -- : 0:  uglifier (2.4.0) from /home/ec2-user/.rvm/gems/ruby-2.1.0/specifications/uglifier-2.4.0.gemspec
I, [2014-01-06T04:52:31.747493 #2893]  INFO -- : 0:  rake (10.1.1) from /home/ec2-user/.rvm/gems/ruby-2.1.0/specifications/rake-10.1.1.gemspec
I, [2014-01-06T04:52:31.748403 #2893]  INFO -- : 0:  i18n (0.6.9) from /home/ec2-user/.rvm/gems/ruby-2.1.0/specifications/i18n-0.6.9.gemspec
I, [2014-01-06T04:52:31.750579 #2893]  INFO -- : 0:  minitest (4.7.5) from /home/ec2-user/.rvm/rubies/ruby-2.1.0/lib/ruby/gems/2.1.0/specifications/default/minitest-4.7.5.gemspec
I, [2014-01-06T04:52:31.751201 #2893]  INFO -- : 0:  multi_json (1.8.2) from /home/ec2-user/.rvm/gems/ruby-2.1.0/specifications/multi_json-1.8.2.gemspec
I, [2014-01-06T04:52:31.751797 #2893]  INFO -- : 0:  atomic (1.1.14) from /home/ec2-user/.rvm/gems/ruby-2.1.0/specifications/atomic-1.1.14.gemspec
I, [2014-01-06T04:52:31.752391 #2893]  INFO -- : 0:  thread_safe (0.1.3) from /home/ec2-user/.rvm/gems/ruby-2.1.0/specifications/thread_safe-0.1.3.gemspec
I, [2014-01-06T04:52:31.752992 #2893]  INFO -- : 0:  tzinfo (0.3.38) from /home/ec2-user/.rvm/gems/ruby-2.1.0/specifications/tzinfo-0.3.38.gemspec
I, [2014-01-06T04:52:31.753591 #2893]  INFO -- : 0:  activesupport (4.0.0) from /home/ec2-user/.rvm/gems/ruby-2.1.0/specifications/activesupport-4.0.0.gemspec
I, [2014-01-06T04:52:31.754156 #2893]  INFO -- : 0:  builder (3.1.4) from /home/ec2-user/.rvm/gems/ruby-2.1.0/specifications/builder-3.1.4.gemspec
I, [2014-01-06T04:52:31.754758 #2893]  INFO -- : 0:  erubis (2.7.0) from /home/ec2-user/.rvm/gems/ruby-2.1.0/specifications/erubis-2.7.0.gemspec
I, [2014-01-06T04:52:31.755335 #2893]  INFO -- : 0:  rack (1.5.2) from /home/ec2-user/.rvm/gems/ruby-2.1.0/specifications/rack-1.5.2.gemspec
I, [2014-01-06T04:52:31.755877 #2893]  INFO -- : 0:  rack-test (0.6.2) from /home/ec2-user/.rvm/gems/ruby-2.1.0/specifications/rack-test-0.6.2.gemspec
I, [2014-01-06T04:52:31.756434 #2893]  INFO -- : 0:  actionpack (4.0.0) from /home/ec2-user/.rvm/gems/ruby-2.1.0/specifications/actionpack-4.0.0.gemspec
I, [2014-01-06T04:52:31.756995 #2893]  INFO -- : 0:  mime-types (1.25.1) from /home/ec2-user/.rvm/gems/ruby-2.1.0/specifications/mime-types-1.25.1.gemspec
I, [2014-01-06T04:52:31.757534 #2893]  INFO -- : 0:  polyglot (0.3.3) from /home/ec2-user/.rvm/gems/ruby-2.1.0/specifications/polyglot-0.3.3.gemspec
I, [2014-01-06T04:52:31.758174 #2893]  INFO -- : 0:  treetop (1.4.15) from /home/ec2-user/.rvm/gems/ruby-2.1.0/specifications/treetop-1.4.15.gemspec
I, [2014-01-06T04:52:31.758739 #2893]  INFO -- : 0:  mail (2.5.4) from /home/ec2-user/.rvm/gems/ruby-2.1.0/specifications/mail-2.5.4.gemspec
I, [2014-01-06T04:52:31.759303 #2893]  INFO -- : 0:  actionmailer (4.0.0) from /home/ec2-user/.rvm/gems/ruby-2.1.0/specifications/actionmailer-4.0.0.gemspec
I, [2014-01-06T04:52:31.759856 #2893]  INFO -- : 0:  activemodel (4.0.0) from /home/ec2-user/.rvm/gems/ruby-2.1.0/specifications/activemodel-4.0.0.gemspec
I, [2014-01-06T04:52:31.760393 #2893]  INFO -- : 0:  activerecord-deprecated_finders (1.0.3) from /home/ec2-user/.rvm/gems/ruby-2.1.0/specifications/activerecord-deprecated_finders-1.0.3.gemspec
I, [2014-01-06T04:52:31.760952 #2893]  INFO -- : 0:  arel (4.0.1) from /home/ec2-user/.rvm/gems/ruby-2.1.0/specifications/arel-4.0.1.gemspec
I, [2014-01-06T04:52:31.761498 #2893]  INFO -- : 0:  activerecord (4.0.0) from /home/ec2-user/.rvm/gems/ruby-2.1.0/specifications/activerecord-4.0.0.gemspec
I, [2014-01-06T04:52:31.762045 #2893]  INFO -- : 0:  bcrypt-ruby (3.1.2) from /home/ec2-user/.rvm/gems/ruby-2.1.0/specifications/bcrypt-ruby-3.1.2.gemspec
I, [2014-01-06T04:52:31.762604 #2893]  INFO -- : 0:  climate_control (0.0.3) from /home/ec2-user/.rvm/gems/ruby-2.1.0/specifications/climate_control-0.0.3.gemspec
I, [2014-01-06T04:52:31.763151 #2893]  INFO -- : 0:  cocaine (0.5.3) from /home/ec2-user/.rvm/gems/ruby-2.1.0/specifications/cocaine-0.5.3.gemspec
I, [2014-01-06T04:52:31.763696 #2893]  INFO -- : 0:  coffee-script-source (1.6.3) from /home/ec2-user/.rvm/gems/ruby-2.1.0/specifications/coffee-script-source-1.6.3.gemspec
I, [2014-01-06T04:52:31.764284 #2893]  INFO -- : 0:  execjs (2.0.2) from /home/ec2-user/.rvm/gems/ruby-2.1.0/specifications/execjs-2.0.2.gemspec
I, [2014-01-06T04:52:31.764890 #2893]  INFO -- : 0:  coffee-script (2.2.0) from /home/ec2-user/.rvm/gems/ruby-2.1.0/specifications/coffee-script-2.2.0.gemspec
I, [2014-01-06T04:52:31.765427 #2893]  INFO -- : 0:  thor (0.18.1) from /home/ec2-user/.rvm/gems/ruby-2.1.0/specifications/thor-0.18.1.gemspec
I, [2014-01-06T04:52:31.765965 #2893]  INFO -- : 0:  railties (4.0.0) from /home/ec2-user/.rvm/gems/ruby-2.1.0/specifications/railties-4.0.0.gemspec
I, [2014-01-06T04:52:31.766525 #2893]  INFO -- : 0:  coffee-rails (4.0.1) from /home/ec2-user/.rvm/gems/ruby-2.1.0/specifications/coffee-rails-4.0.1.gemspec
I, [2014-01-06T04:52:31.767052 #2893]  INFO -- : 0:  d3js-rails (3.1.6) from /home/ec2-user/.rvm/gems/ruby-2.1.0/specifications/d3js-rails-3.1.6.gemspec
I, [2014-01-06T04:52:31.767607 #2893]  INFO -- : 0:  font-awesome-rails (4.0.3.1) from /home/ec2-user/.rvm/gems/ruby-2.1.0/specifications/font-awesome-rails-4.0.3.1.gemspec
I, [2014-01-06T04:52:31.768164 #2893]  INFO -- : 0:  hike (1.2.3) from /home/ec2-user/.rvm/gems/ruby-2.1.0/specifications/hike-1.2.3.gemspec
I, [2014-01-06T04:52:31.768737 #2893]  INFO -- : 0:  jbuilder (1.5.3) from /home/ec2-user/.rvm/gems/ruby-2.1.0/specifications/jbuilder-1.5.3.gemspec
I, [2014-01-06T04:52:31.769289 #2893]  INFO -- : 0:  jquery-rails (3.0.4) from /home/ec2-user/.rvm/gems/ruby-2.1.0/specifications/jquery-rails-3.0.4.gemspec
I, [2014-01-06T04:52:31.769838 #2893]  INFO -- : 0:  json (1.8.1) from /home/ec2-user/.rvm/rubies/ruby-2.1.0/lib/ruby/gems/2.1.0/specifications/default/json-1.8.1.gemspec
I, [2014-01-06T04:52:31.770390 #2893]  INFO -- : 0:  libv8 (3.16.14.3) from /home/ec2-user/.rvm/gems/ruby-2.1.0/specifications/libv8-3.16.14.3-x86_64-linux.gemspec
I, [2014-01-06T04:52:31.770969 #2893]  INFO -- : 0:  paperclip (3.5.2) from /home/ec2-user/.rvm/gems/ruby-2.1.0/specifications/paperclip-3.5.2.gemspec
I, [2014-01-06T04:52:31.771528 #2893]  INFO -- : 0:  bundler (1.5.1) from /home/ec2-user/.rvm/gems/ruby-2.1.0@global/specifications/bundler-1.5.1.gemspec
I, [2014-01-06T04:52:31.772081 #2893]  INFO -- : 0:  tilt (1.4.1) from /home/ec2-user/.rvm/gems/ruby-2.1.0/specifications/tilt-1.4.1.gemspec
I, [2014-01-06T04:52:31.772662 #2893]  INFO -- : 0:  sprockets (2.10.1) from /home/ec2-user/.rvm/gems/ruby-2.1.0/specifications/sprockets-2.10.1.gemspec
I, [2014-01-06T04:52:31.773315 #2893]  INFO -- : 0:  sprockets-rails (2.0.1) from /home/ec2-user/.rvm/gems/ruby-2.1.0/specifications/sprockets-rails-2.0.1.gemspec
I, [2014-01-06T04:52:31.773871 #2893]  INFO -- : 0:  rails (4.0.0) from /home/ec2-user/.rvm/gems/ruby-2.1.0/specifications/rails-4.0.0.gemspec
I, [2014-01-06T04:52:31.774514 #2893]  INFO -- : 0:  rdoc (3.12.2) from /home/ec2-user/.rvm/gems/ruby-2.1.0/specifications/rdoc-3.12.2.gemspec
I, [2014-01-06T04:52:31.775101 #2893]  INFO -- : 0:  ref (1.0.5) from /home/ec2-user/.rvm/gems/ruby-2.1.0/specifications/ref-1.0.5.gemspec
I, [2014-01-06T04:52:31.775747 #2893]  INFO -- : 0:  sass (3.2.13) from /home/ec2-user/.rvm/gems/ruby-2.1.0/specifications/sass-3.2.13.gemspec
I, [2014-01-06T04:52:31.776327 #2893]  INFO -- : 0:  sass-rails (4.0.1) from /home/ec2-user/.rvm/gems/ruby-2.1.0/specifications/sass-rails-4.0.1.gemspec
I, [2014-01-06T04:52:31.776939 #2893]  INFO -- : 0:  sdoc (0.3.20) from /home/ec2-user/.rvm/gems/ruby-2.1.0/specifications/sdoc-0.3.20.gemspec
I, [2014-01-06T04:52:31.777495 #2893]  INFO -- : 0:  sqlite3 (1.3.8) from /home/ec2-user/.rvm/gems/ruby-2.1.0/specifications/sqlite3-1.3.8.gemspec
I, [2014-01-06T04:52:31.778071 #2893]  INFO -- : 0:  therubyracer (0.12.0) from /home/ec2-user/.rvm/gems/ruby-2.1.0/specifications/therubyracer-0.12.0.gemspec
I, [2014-01-06T04:52:31.778717 #2893]  INFO -- : 0:  turbolinks (2.1.0) from /home/ec2-user/.rvm/gems/ruby-2.1.0/specifications/turbolinks-2.1.0.gemspec
I, [2014-01-06T04:52:31.782393 #2893]  INFO -- : 0:  uglifier (2.4.0) from /home/ec2-user/.rvm/gems/ruby-2.1.0/specifications/uglifier-2.4.0.gemspec
